#
# A fatal error has been detected by the Java Runtime Environment:
#
#  SIGSEGV (0xb) at pc=0x00007efd4d06937a, pid=17303, tid=139625187895040
#
# JRE version: Java(TM) SE Runtime Environment (8.0_45-b14) (build 1.8.0_45-b14)
# Java VM: Java HotSpot(TM) 64-Bit Server VM (25.45-b02 mixed mode linux-amd64 compressed oops)
# Problematic frame:
# v  ~BufferBlob::jni_fast_GetLongField
#
# Failed to write core dump. Core dumps have been disabled. To enable core dumping, try "ulimit -c unlimited" before starting Java again
#
# If you would like to submit a bug report, please visit:
#   http://bugreport.java.com/bugreport/crash.jsp
# The crash happened outside the Java Virtual Machine in native code.
# See problematic frame for where to report the bug.
#

---------------  T H R E A D  ---------------

Current thread (0x0000000002581000):  JavaThread "AWT-XAWT" daemon [_thread_in_native, id=17574, stack(0x00007efd05a9e000,0x00007efd05b9f000)]

siginfo: si_signo: 11 (SIGSEGV), si_code: 1 (SEGV_MAPERR), si_addr: 0x0000000000000000

Registers:
RAX=0x00007efd623e6ce0, RBX=0x00000000025811f8, RCX=0x00007efd62e42320, RDX=0x0000000000000042
RSP=0x00007efd05b9d478, RBP=0x00007efd05b9d4a0, RSI=0x0000000000000000, RDI=0x00000000025811f8
R8 =0x00000000a73fc3a8, R9 =0x0000000000000000, R10=0x0000000000000252, R11=0x00007efd4d4924d8
R12=0x00007efd202492a0, R13=0x0000000000000000, R14=0x00007efd061717e0, R15=0x0000000002581000
RIP=0x00007efd4d06937a, EFLAGS=0x0000000000010246, CSGSFS=0x0000000000000033, ERR=0x0000000000000004
  TRAPNO=0x000000000000000e

Top of Stack: (sp=0x00007efd05b9d478)
0x00007efd05b9d478:   00007efd05f50201 00007efd064b6950
0x00007efd05b9d488:   00007efd202492a0 00007efd05b9d550
0x00007efd05b9d498:   00007efd05b9d520 0000000000000000
0x00007efd05b9d4a8:   00007efd3820eae8 00007efd064b6950
0x00007efd05b9d4b8:   00007efd05b9d4e0 0000000000000000
0x00007efd05b9d4c8:   00007efd382069a3 00007efd05b9d550
0x00007efd05b9d4d8:   00007efd05f494bf 00007efd05b9d530
0x00007efd05b9d4e8:   00007efd4d492576 0000000000000000
0x00007efd05b9d4f8:   00007efd4d5cce76 00007efd05b9d550
0x00007efd05b9d508:   00007efd4d19d42c 00007efd05b9d5b0
0x00007efd05b9d518:   00000000a7296678 00000000a72a80a8
0x00007efd05b9d528:   00000000a7040b60 00007efd05b9d5b0
0x00007efd05b9d538:   00007efd4d007420 00007efd05b9d5b0
0x00007efd05b9d548:   00007efd4d007420 0000000000000000
0x00007efd05b9d558:   00007efd4d007760 00007efd1c02b0e0
0x00007efd05b9d568:   00000000a7296678 00007efd05b9d570
0x00007efd05b9d578:   00007efd064a00b4 00007efd05b9d5f8
0x00007efd05b9d588:   00007efd064a8f60 0000000000000000
0x00007efd05b9d598:   00007efd064a01e8 00007efd05b9d550
0x00007efd05b9d5a8:   00007efd05b9d5f0 00007efd05b9d640
0x00007efd05b9d5b8:   00007efd4d007c4d 0000000000000000
0x00007efd05b9d5c8:   00000000e26e3258 0000000000000000
0x00007efd05b9d5d8:   0000000000000000 0000000000000000
0x00007efd05b9d5e8:   00000000a7296678 0000000000000000
0x00007efd05b9d5f8:   00000000a72cccc8 00007efd05b9d600
0x00007efd05b9d608:   00007efd0649fef5 00007efd05b9d650
0x00007efd05b9d618:   00007efd064a8f60 0000000000000000
0x00007efd05b9d628:   00007efd0649ff00 00007efd05b9d5f0
0x00007efd05b9d638:   00007efd05b9d650 00007efd05b9d698
0x00007efd05b9d648:   00007efd4d007c92 00000000a72cccc8
0x00007efd05b9d658:   00007efd05b9d658 00007efd48e4781b
0x00007efd05b9d668:   00007efd05b9d6a8 00007efd48ecdf00 

Instructions: (pc=0x00007efd4d06937a)
0x00007efd4d06935a:   00 00 00 00 00 00 44 8b 15 41 69 3b 15 4c 8b ce
0x00007efd4d06936a:   41 f6 c2 01 0f 85 2e 00 00 00 4d 33 ca 4d 33 ca
0x00007efd4d06937a:   4d 8b 09 4c 8b da 49 c1 eb 02 4b 8b 04 19 49 bb
0x00007efd4d06938a:   a8 fc 41 62 fd 7e 00 00 4c 33 d8 4c 33 d8 45 3b 

Register to memory mapping:

RAX=0x00007efd623e6ce0: <offset 0xf64ce0> in /usr/lib/jvm/java-8-oracle/jre/lib/amd64/server/libjvm.so at 0x00007efd61482000
RBX=0x00000000025811f8 is an unknown value
RCX=0x00007efd62e42320: <offset 0x219320> in /lib/x86_64-linux-gnu/libpthread.so.0 at 0x00007efd62c29000
RDX=0x0000000000000042 is an unknown value
RSP=0x00007efd05b9d478 is pointing into the stack for thread: 0x0000000002581000
RBP=0x00007efd05b9d4a0 is pointing into the stack for thread: 0x0000000002581000
RSI=0x0000000000000000 is an unknown value
RDI=0x00000000025811f8 is an unknown value
R8 =0x00000000a73fc3a8 is an oop
sun.util.logging.PlatformLogger$Level 
 - klass: 'sun/util/logging/PlatformLogger$Level'
R9 =0x0000000000000000 is an unknown value
R10=0x0000000000000252 is an unknown value
R11=0x00007efd4d4924d8 is at entry_point+24 in (nmethod*)0x00007efd4d492350
R12=0x00007efd202492a0 is an unknown value
R13=0x0000000000000000 is an unknown value
R14=0x00007efd061717e0: <offset 0x2587e0> in /usr/lib/jvm/java-8-oracle/jre/lib/amd64/libawt_xawt.so at 0x00007efd05f19000
R15=0x0000000002581000 is a thread


Stack: [0x00007efd05a9e000,0x00007efd05b9f000],  sp=0x00007efd05b9d478,  free space=1021k
Native frames: (J=compiled Java code, j=interpreted, Vv=VM code, C=native code)
v  ~BufferBlob::jni_fast_GetLongField
C  [libX11.so.6+0x61ae8]  _XimServerDestroy+0x58

Java frames: (J=compiled Java code, j=interpreted, Vv=VM code)
J 3408  sun.awt.X11.XlibWrapper.XFilterEvent(JJ)Z (0 bytes) @ 0x00007efd4d492504 [0x00007efd4d4924c0+0x44]
j  sun.awt.X11.XToolkit.run(Z)V+300
j  sun.awt.X11.XToolkit.run()V+5
j  java.lang.Thread.run()V+11
v  ~StubRoutines::call_stub

---------------  P R O C E S S  ---------------

Java Threads: ( => current thread )
  0x00007efd5c219000 JavaThread "DestroyJavaVM" [_thread_blocked, id=17305, stack(0x00007efd62f46000,0x00007efd63047000)]
  0x00007efd20339800 JavaThread "TimerQueue" daemon [_thread_blocked, id=17580, stack(0x00007efd04bf3000,0x00007efd04cf4000)]
  0x00000000025d5000 JavaThread "AWT-EventQueue-0" [_thread_blocked, id=17577, stack(0x00007efd0559b000,0x00007efd0569c000)]
  0x00000000025d3000 JavaThread "AWT-Shutdown" [_thread_blocked, id=17576, stack(0x00007efd0569c000,0x00007efd0579d000)]
=>0x0000000002581000 JavaThread "AWT-XAWT" daemon [_thread_in_native, id=17574, stack(0x00007efd05a9e000,0x00007efd05b9f000)]
  0x0000000002543800 JavaThread "Java2D Disposer" daemon [_thread_blocked, id=17573, stack(0x00007efd05b9f000,0x00007efd05ca0000)]
  0x000000000248c000 JavaThread "Prism Font Disposer" daemon [_thread_blocked, id=17327, stack(0x00007efd06e05000,0x00007efd06f06000)]
  0x00007efd5c2cd800 JavaThread "Thread-1" daemon [_thread_blocked, id=17324, stack(0x00007efd380ac000,0x00007efd381ad000)]
  0x00007efd5c144000 JavaThread "Service Thread" daemon [_thread_blocked, id=17318, stack(0x00007efd3b3e8000,0x00007efd3b4e9000)]
  0x00007efd5c13f000 JavaThread "C1 CompilerThread1" daemon [_thread_blocked, id=17317, stack(0x00007efd3b4e9000,0x00007efd3b5ea000)]
  0x00007efd5c13c000 JavaThread "C2 CompilerThread0" daemon [_thread_blocked, id=17316, stack(0x00007efd3b5ea000,0x00007efd3b6eb000)]
  0x00007efd5c13a800 JavaThread "Signal Dispatcher" daemon [_thread_in_native, id=17315, stack(0x00007efd3b6eb000,0x00007efd3b7ec000)]
  0x00007efd5c101800 JavaThread "Finalizer" daemon [_thread_blocked, id=17314, stack(0x00007efd48035000,0x00007efd48136000)]
  0x00007efd5c0ff800 JavaThread "Reference Handler" daemon [_thread_blocked, id=17313, stack(0x00007efd48136000,0x00007efd48237000)]

Other Threads:
  0x00007efd5c0fa800 VMThread [stack: 0x00007efd48237000,0x00007efd48338000] [id=17312]
  0x00007efd5c146800 WatcherThread [stack: 0x00007efd3b2e7000,0x00007efd3b3e8000] [id=17319]

VM state:not at safepoint (normal execution)

VM Mutex/Monitor currently owned by a thread: None

Heap:
 PSYoungGen      total 27136K, used 11150K [0x00000000e2380000, 0x00000000e4180000, 0x0000000100000000)
  eden space 23552K, 47% used [0x00000000e2380000,0x00000000e2e639b8,0x00000000e3a80000)
  from space 3584K, 0% used [0x00000000e3a80000,0x00000000e3a80000,0x00000000e3e00000)
  to   space 3584K, 0% used [0x00000000e3e00000,0x00000000e3e00000,0x00000000e4180000)
 ParOldGen       total 43520K, used 12502K [0x00000000a6a00000, 0x00000000a9480000, 0x00000000e2380000)
  object space 43520K, 28% used [0x00000000a6a00000,0x00000000a7635b70,0x00000000a9480000)
 Metaspace       used 27939K, capacity 28998K, committed 29440K, reserved 1075200K
  class space    used 3833K, capacity 4042K, committed 4096K, reserved 1048576K

Card table byte_map: [0x00007efd4c974000,0x00007efd4cc40000] byte_map_base: 0x00007efd4c43f000

Marking Bits: (ParMarkBitMap*) 0x00007efd6241f760
 Begin Bits: [0x00007efd498e5000, 0x00007efd4af3d000)
 End Bits:   [0x00007efd4af3d000, 0x00007efd4c595000)

Polling page: 0x00007efd63066000

CodeCache: size=245760Kb used=11347Kb max_used=11347Kb free=234412Kb
 bounds [0x00007efd4d000000, 0x00007efd4db30000, 0x00007efd5c000000]
 total_blobs=4686 nmethods=3818 adapters=780
 compilation: enabled

Compilation events (10 events):
Event: 515,913 Thread 0x00007efd5c13f000 4198       3       java.util.Arrays::hashCode (56 bytes)
Event: 515,915 Thread 0x00007efd5c13f000 nmethod 4198 0x00007efd4d6eebd0 code [0x00007efd4d6eed60, 0x00007efd4d6ef0e8]
Event: 515,915 Thread 0x00007efd5c13f000 4199       3       java.lang.Byte::hashCode (8 bytes)
Event: 515,915 Thread 0x00007efd5c13f000 nmethod 4199 0x00007efd4db1d1d0 code [0x00007efd4db1d340, 0x00007efd4db1d4f0]
Event: 515,915 Thread 0x00007efd5c13f000 4200       3       java.lang.Byte::hashCode (2 bytes)
Event: 515,916 Thread 0x00007efd5c13f000 nmethod 4200 0x00007efd4d64f750 code [0x00007efd4d64f8a0, 0x00007efd4d64f9d0]
Event: 515,916 Thread 0x00007efd5c13f000 4201       3       java.lang.invoke.MethodHandles$Lookup::linkMethodHandleConstant (185 bytes)
Event: 515,919 Thread 0x00007efd5c13f000 nmethod 4201 0x00007efd4db21a50 code [0x00007efd4db21d00, 0x00007efd4db231b8]
Event: 515,923 Thread 0x00007efd5c13f000 4202       3       java.util.concurrent.locks.AbstractQueuedSynchronizer::addWaiter (50 bytes)
Event: 515,925 Thread 0x00007efd5c13f000 nmethod 4202 0x00007efd4db1ca50 code [0x00007efd4db1cbe0, 0x00007efd4db1d028]

GC Heap History (8 events):
Event: 2,725 GC heap before
{Heap before GC invocations=1 (full 0):
 PSYoungGen      total 27136K, used 23552K [0x00000000e2380000, 0x00000000e4180000, 0x0000000100000000)
  eden space 23552K, 100% used [0x00000000e2380000,0x00000000e3a80000,0x00000000e3a80000)
  from space 3584K, 0% used [0x00000000e3e00000,0x00000000e3e00000,0x00000000e4180000)
  to   space 3584K, 0% used [0x00000000e3a80000,0x00000000e3a80000,0x00000000e3e00000)
 ParOldGen       total 61440K, used 0K [0x00000000a6a00000, 0x00000000aa600000, 0x00000000e2380000)
  object space 61440K, 0% used [0x00000000a6a00000,0x00000000a6a00000,0x00000000aa600000)
 Metaspace       used 11785K, capacity 12252K, committed 12544K, reserved 1060864K
  class space    used 1593K, capacity 1691K, committed 1792K, reserved 1048576K
Event: 2,744 GC heap after
Heap after GC invocations=1 (full 0):
 PSYoungGen      total 27136K, used 3557K [0x00000000e2380000, 0x00000000e4180000, 0x0000000100000000)
  eden space 23552K, 0% used [0x00000000e2380000,0x00000000e2380000,0x00000000e3a80000)
  from space 3584K, 99% used [0x00000000e3a80000,0x00000000e3df9740,0x00000000e3e00000)
  to   space 3584K, 0% used [0x00000000e3e00000,0x00000000e3e00000,0x00000000e4180000)
 ParOldGen       total 61440K, used 919K [0x00000000a6a00000, 0x00000000aa600000, 0x00000000e2380000)
  object space 61440K, 1% used [0x00000000a6a00000,0x00000000a6ae5e88,0x00000000aa600000)
 Metaspace       used 11785K, capacity 12252K, committed 12544K, reserved 1060864K
  class space    used 1593K, capacity 1691K, committed 1792K, reserved 1048576K
}
Event: 14,811 GC heap before
{Heap before GC invocations=2 (full 0):
 PSYoungGen      total 27136K, used 26401K [0x00000000e2380000, 0x00000000e4180000, 0x0000000100000000)
  eden space 23552K, 96% used [0x00000000e2380000,0x00000000e39cef08,0x00000000e3a80000)
  from space 3584K, 99% used [0x00000000e3a80000,0x00000000e3df9740,0x00000000e3e00000)
  to   space 3584K, 0% used [0x00000000e3e00000,0x00000000e3e00000,0x00000000e4180000)
 ParOldGen       total 61440K, used 919K [0x00000000a6a00000, 0x00000000aa600000, 0x00000000e2380000)
  object space 61440K, 1% used [0x00000000a6a00000,0x00000000a6ae5e88,0x00000000aa600000)
 Metaspace       used 17520K, capacity 18554K, committed 18688K, reserved 1064960K
  class space    used 2555K, capacity 2768K, committed 2816K, reserved 1048576K
Event: 14,836 GC heap after
Heap after GC invocations=2 (full 0):
 PSYoungGen      total 27136K, used 3578K [0x00000000e2380000, 0x00000000e4180000, 0x0000000100000000)
  eden space 23552K, 0% used [0x00000000e2380000,0x00000000e2380000,0x00000000e3a80000)
  from space 3584K, 99% used [0x00000000e3e00000,0x00000000e417e888,0x00000000e4180000)
  to   space 3584K, 0% used [0x00000000e3a80000,0x00000000e3a80000,0x00000000e3e00000)
 ParOldGen       total 61440K, used 7734K [0x00000000a6a00000, 0x00000000aa600000, 0x00000000e2380000)
  object space 61440K, 12% used [0x00000000a6a00000,0x00000000a718d808,0x00000000aa600000)
 Metaspace       used 17520K, capacity 18554K, committed 18688K, reserved 1064960K
  class space    used 2555K, capacity 2768K, committed 2816K, reserved 1048576K
}
Event: 263,083 GC heap before
{Heap before GC invocations=3 (full 0):
 PSYoungGen      total 27136K, used 11142K [0x00000000e2380000, 0x00000000e4180000, 0x0000000100000000)
  eden space 23552K, 32% used [0x00000000e2380000,0x00000000e2ae3078,0x00000000e3a80000)
  from space 3584K, 99% used [0x00000000e3e00000,0x00000000e417e888,0x00000000e4180000)
  to   space 3584K, 0% used [0x00000000e3a80000,0x00000000e3a80000,0x00000000e3e00000)
 ParOldGen       total 61440K, used 7734K [0x00000000a6a00000, 0x00000000aa600000, 0x00000000e2380000)
  object space 61440K, 12% used [0x00000000a6a00000,0x00000000a718d808,0x00000000aa600000)
 Metaspace       used 20061K, capacity 21096K, committed 21248K, reserved 1067008K
  class space    used 2774K, capacity 2995K, committed 3072K, reserved 1048576K
Event: 263,107 GC heap after
Heap after GC invocations=3 (full 0):
 PSYoungGen      total 27136K, used 3559K [0x00000000e2380000, 0x00000000e4180000, 0x0000000100000000)
  eden space 23552K, 0% used [0x00000000e2380000,0x00000000e2380000,0x00000000e3a80000)
  from space 3584K, 99% used [0x00000000e3a80000,0x00000000e3df9f78,0x00000000e3e00000)
  to   space 3584K, 0% used [0x00000000e3e00000,0x00000000e3e00000,0x00000000e4180000)
 ParOldGen       total 61440K, used 10142K [0x00000000a6a00000, 0x00000000aa600000, 0x00000000e2380000)
  object space 61440K, 16% used [0x00000000a6a00000,0x00000000a73e7828,0x00000000aa600000)
 Metaspace       used 20061K, capacity 21096K, committed 21248K, reserved 1067008K
  class space    used 2774K, capacity 2995K, committed 3072K, reserved 1048576K
}
Event: 263,107 GC heap before
{Heap before GC invocations=4 (full 1):
 PSYoungGen      total 27136K, used 3559K [0x00000000e2380000, 0x00000000e4180000, 0x0000000100000000)
  eden space 23552K, 0% used [0x00000000e2380000,0x00000000e2380000,0x00000000e3a80000)
  from space 3584K, 99% used [0x00000000e3a80000,0x00000000e3df9f78,0x00000000e3e00000)
  to   space 3584K, 0% used [0x00000000e3e00000,0x00000000e3e00000,0x00000000e4180000)
 ParOldGen       total 61440K, used 10142K [0x00000000a6a00000, 0x00000000aa600000, 0x00000000e2380000)
  object space 61440K, 16% used [0x00000000a6a00000,0x00000000a73e7828,0x00000000aa600000)
 Metaspace       used 20061K, capacity 21096K, committed 21248K, reserved 1067008K
  class space    used 2774K, capacity 2995K, committed 3072K, reserved 1048576K
Event: 263,216 GC heap after
Heap after GC invocations=4 (full 1):
 PSYoungGen      total 27136K, used 0K [0x00000000e2380000, 0x00000000e4180000, 0x0000000100000000)
  eden space 23552K, 0% used [0x00000000e2380000,0x00000000e2380000,0x00000000e3a80000)
  from space 3584K, 0% used [0x00000000e3a80000,0x00000000e3a80000,0x00000000e3e00000)
  to   space 3584K, 0% used [0x00000000e3e00000,0x00000000e3e00000,0x00000000e4180000)
 ParOldGen       total 43520K, used 12502K [0x00000000a6a00000, 0x00000000a9480000, 0x00000000e2380000)
  object space 43520K, 28% used [0x00000000a6a00000,0x00000000a7635b70,0x00000000a9480000)
 Metaspace       used 20061K, capacity 21096K, committed 21248K, reserved 1067008K
  class space    used 2774K, capacity 2995K, committed 3072K, reserved 1048576K
}

Deoptimization events (10 events):
Event: 276,350 Thread 0x00000000025d5000 Uncommon trap: reason=bimorphic action=maybe_recompile pc=0x00007efd4d22286c method=java.util.HashMap.putVal(ILjava/lang/Object;Ljava/lang/Object;ZZ)Ljava/lang/Object; @ 253
Event: 280,331 Thread 0x00000000025d5000 Uncommon trap: reason=class_check action=maybe_recompile pc=0x00007efd4da577cc method=java.awt.Container.getMouseEventTargetImpl(IIZLjava/awt/Container$EventTargetFilter;ZZ)Ljava/awt/Component; @ 191
Event: 284,987 Thread 0x00000000025d5000 Uncommon trap: reason=class_check action=maybe_recompile pc=0x00007efd4da577cc method=java.awt.Container.getMouseEventTargetImpl(IIZLjava/awt/Container$EventTargetFilter;ZZ)Ljava/awt/Component; @ 191
Event: 284,998 Thread 0x00000000025d5000 Uncommon trap: reason=class_check action=maybe_recompile pc=0x00007efd4da577cc method=java.awt.Container.getMouseEventTargetImpl(IIZLjava/awt/Container$EventTargetFilter;ZZ)Ljava/awt/Component; @ 191
Event: 288,843 Thread 0x00000000025d5000 Uncommon trap: reason=class_check action=maybe_recompile pc=0x00007efd4da577cc method=java.awt.Container.getMouseEventTargetImpl(IIZLjava/awt/Container$EventTargetFilter;ZZ)Ljava/awt/Component; @ 191
Event: 515,482 Thread 0x00007efd5c2d1000 Uncommon trap: reason=unstable_if action=reinterpret pc=0x00007efd4da831d8 method=java.security.AccessControlContext.optimize()Ljava/security/AccessControlContext; @ 220
Event: 515,907 Thread 0x00007efd5c2d1000 Uncommon trap: reason=class_check action=maybe_recompile pc=0x00007efd4d6a4328 method=com.sun.javafx.event.EventHandlerManager.dispatchCapturingEvent(Ljavafx/event/Event;)Ljavafx/event/Event; @ 1
Event: 515,911 Thread 0x00007efd5c2d1000 Uncommon trap: reason=unstable_if action=reinterpret pc=0x00007efd4d8024d4 method=com.sun.javafx.event.EventDispatchChainImpl.ensureCapacity(I)V @ 19
Event: 515,911 Thread 0x00007efd5c2d1000 Uncommon trap: reason=class_check action=maybe_recompile pc=0x00007efd4d6a4328 method=com.sun.javafx.event.EventHandlerManager.dispatchCapturingEvent(Ljavafx/event/Event;)Ljavafx/event/Event; @ 1
Event: 515,912 Thread 0x00007efd5c2d1000 Uncommon trap: reason=class_check action=maybe_recompile pc=0x00007efd4d6a4328 method=com.sun.javafx.event.EventHandlerManager.dispatchCapturingEvent(Ljavafx/event/Event;)Ljavafx/event/Event; @ 1

Internal exceptions (10 events):
Event: 2,528 Thread 0x00007efd5c2d1000 Exception <a 'java/lang/ArrayIndexOutOfBoundsException'> (0x00000000e37835f8) thrown at [/RE-WORK/workspace/8-2-build-linux-amd64/jdk8u45/3457/hotspot/src/share/vm/runtime/sharedRuntime.cpp, line 605]
Event: 2,895 Thread 0x00007efd5c2d1000 Implicit null exception at 0x00007efd4d2a7975 to 0x00007efd4d2a7b51
Event: 3,962 Thread 0x00007efd5c2d1000 Implicit null exception at 0x00007efd4d456c9f to 0x00007efd4d457309
Event: 262,626 Thread 0x00007efd5c2d1000 Exception <a 'java/io/FileNotFoundException'> (0x00000000e2a38098) thrown at [/RE-WORK/workspace/8-2-build-linux-amd64/jdk8u45/3457/hotspot/src/share/vm/prims/jni.cpp, line 709]
Event: 262,626 Thread 0x00007efd5c2d1000 Exception <a 'java/io/FileNotFoundException'> (0x00000000e2a38b88) thrown at [/RE-WORK/workspace/8-2-build-linux-amd64/jdk8u45/3457/hotspot/src/share/vm/prims/jni.cpp, line 709]
Event: 263,406 Thread 0x00000000025b3800 Implicit null exception at 0x00007efd4d5c797c to 0x00007efd4d5c7a41
Event: 264,428 Thread 0x00007efd5c2d1000 Implicit null exception at 0x00007efd4d2eaf75 to 0x00007efd4d2eb2b9
Event: 264,429 Thread 0x00007efd5c2d1000 Implicit null exception at 0x00007efd4d24c435 to 0x00007efd4d24c76d
Event: 265,594 Thread 0x00000000025d5000 Exception <a 'java/lang/UnsupportedOperationException': > (0x00000000e2789578) thrown at [/RE-WORK/workspace/8-2-build-linux-amd64/jdk8u45/3457/hotspot/src/share/vm/prims/jni.cpp, line 735]
Event: 515,911 Thread 0x00007efd5c2d1000 Implicit null exception at 0x00007efd4d802210 to 0x00007efd4d8024b9

Events (10 events):
Event: 515,928 Thread 0x00007efd5c219000 Thread added: 0x00007efd5c219000
Event: 515,928 Thread 0x00007efd5c2d1000 Thread exited: 0x00007efd5c2d1000
Event: 529,044 Executing VM operation: RevokeBias
Event: 529,044 Executing VM operation: RevokeBias done
Event: 529,044 loading class sun/awt/X11/XDestroyWindowEvent
Event: 529,044 loading class sun/awt/X11/XDestroyWindowEvent done
Event: 529,044 Executing VM operation: RevokeBias
Event: 529,044 Executing VM operation: RevokeBias done
Event: 529,045 Executing VM operation: RevokeBias
Event: 529,045 Executing VM operation: RevokeBias done


Dynamic libraries:
00400000-00401000 r-xp 00000000 08:02 3561566                            /usr/lib/jvm/java-8-oracle/bin/java
00600000-00601000 rw-p 00000000 08:02 3561566                            /usr/lib/jvm/java-8-oracle/bin/java
021d4000-02903000 rw-p 00000000 00:00 0                                  [heap]
a6a00000-a9480000 rw-p 00000000 00:00 0 
a9480000-e2380000 ---p 00000000 00:00 0 
e2380000-e4180000 rw-p 00000000 00:00 0 
e4180000-100000000 ---p 00000000 00:00 0 
100000000-100400000 rw-p 00000000 00:00 0 
100400000-140000000 ---p 00000000 00:00 0 
7efcf8000000-7efcf8021000 rw-p 00000000 00:00 0 
7efcf8021000-7efcfc000000 ---p 00000000 00:00 0 
7efd00000000-7efd00022000 rw-p 00000000 00:00 0 
7efd00022000-7efd04000000 ---p 00000000 00:00 0 
7efd047f3000-7efd048b3000 rw-p 00000000 00:00 0 
7efd048b3000-7efd049f3000 ---p 00000000 00:00 0 
7efd049f3000-7efd04bf3000 rw-p 00000000 00:00 0 
7efd04bf3000-7efd04bf6000 ---p 00000000 00:00 0 
7efd04bf6000-7efd04cf4000 rw-p 00000000 00:00 0                          [stack:17580]
7efd04cf4000-7efd04d5d000 r-xp 00000000 08:02 3561015                    /usr/lib/jvm/java-8-oracle/jre/lib/amd64/libt2k.so
7efd04d5d000-7efd04f5c000 ---p 00069000 08:02 3561015                    /usr/lib/jvm/java-8-oracle/jre/lib/amd64/libt2k.so
7efd04f5c000-7efd04f63000 rw-p 00068000 08:02 3561015                    /usr/lib/jvm/java-8-oracle/jre/lib/amd64/libt2k.so
7efd04f63000-7efd04f73000 rw-p 00000000 00:00 0 
7efd04f73000-7efd04f84000 r-xp 00000000 08:02 3561025                    /usr/lib/jvm/java-8-oracle/jre/lib/amd64/libnio.so
7efd04f84000-7efd05183000 ---p 00011000 08:02 3561025                    /usr/lib/jvm/java-8-oracle/jre/lib/amd64/libnio.so
7efd05183000-7efd05184000 rw-p 00010000 08:02 3561025                    /usr/lib/jvm/java-8-oracle/jre/lib/amd64/libnio.so
7efd05184000-7efd0519a000 r-xp 00000000 08:02 3560964                    /usr/lib/jvm/java-8-oracle/jre/lib/amd64/libnet.so
7efd0519a000-7efd0539a000 ---p 00016000 08:02 3560964                    /usr/lib/jvm/java-8-oracle/jre/lib/amd64/libnet.so
7efd0539a000-7efd0539b000 rw-p 00016000 08:02 3560964                    /usr/lib/jvm/java-8-oracle/jre/lib/amd64/libnet.so
7efd0539b000-7efd0559b000 rw-p 00000000 00:00 0 
7efd0559b000-7efd0559e000 ---p 00000000 00:00 0 
7efd0559e000-7efd0569c000 rw-p 00000000 00:00 0                          [stack:17577]
7efd0569c000-7efd0569f000 ---p 00000000 00:00 0 
7efd0569f000-7efd0579d000 rw-p 00000000 00:00 0                          [stack:17576]
7efd0579d000-7efd057a0000 ---p 00000000 00:00 0 
7efd057a0000-7efd05a9e000 rw-p 00000000 00:00 0 
7efd05a9e000-7efd05aa1000 ---p 00000000 00:00 0 
7efd05aa1000-7efd05b9f000 rw-p 00000000 00:00 0                          [stack:17574]
7efd05b9f000-7efd05ba2000 ---p 00000000 00:00 0 
7efd05ba2000-7efd05ca0000 rw-p 00000000 00:00 0                          [stack:17573]
7efd05ca0000-7efd05d05000 r-xp 00000000 08:02 3560988                    /usr/lib/jvm/java-8-oracle/jre/lib/amd64/libfontmanager.so
7efd05d05000-7efd05f04000 ---p 00065000 08:02 3560988                    /usr/lib/jvm/java-8-oracle/jre/lib/amd64/libfontmanager.so
7efd05f04000-7efd05f09000 rw-p 00064000 08:02 3560988                    /usr/lib/jvm/java-8-oracle/jre/lib/amd64/libfontmanager.so
7efd05f09000-7efd05f19000 rw-p 00000000 00:00 0 
7efd05f19000-7efd05f6d000 r-xp 00000000 08:02 3560987                    /usr/lib/jvm/java-8-oracle/jre/lib/amd64/libawt_xawt.so
7efd05f6d000-7efd0616d000 ---p 00054000 08:02 3560987                    /usr/lib/jvm/java-8-oracle/jre/lib/amd64/libawt_xawt.so
7efd0616d000-7efd06171000 rw-p 00054000 08:02 3560987                    /usr/lib/jvm/java-8-oracle/jre/lib/amd64/libawt_xawt.so
7efd06171000-7efd06172000 rw-p 00000000 00:00 0 
7efd06172000-7efd06214000 r-xp 00000000 08:02 3561001                    /usr/lib/jvm/java-8-oracle/jre/lib/amd64/libawt.so
7efd06214000-7efd06414000 ---p 000a2000 08:02 3561001                    /usr/lib/jvm/java-8-oracle/jre/lib/amd64/libawt.so
7efd06414000-7efd06420000 rw-p 000a2000 08:02 3561001                    /usr/lib/jvm/java-8-oracle/jre/lib/amd64/libawt.so
7efd06420000-7efd06644000 rw-p 00000000 00:00 0 
7efd06644000-7efd06744000 rw-s 15cf46000 00:05 10412                     /dev/dri/card0
7efd06744000-7efd06754000 rw-s 14e26c000 00:05 10412                     /dev/dri/card0
7efd06754000-7efd06755000 rw-s 14a233000 00:05 10412                     /dev/dri/card0
7efd06755000-7efd06756000 rw-s 14a232000 00:05 10412                     /dev/dri/card0
7efd06758000-7efd06759000 rw-s 14a1da000 00:05 10412                     /dev/dri/card0
7efd06759000-7efd0675a000 rw-s 14a1d9000 00:05 10412                     /dev/dri/card0
7efd0675b000-7efd0685b000 rw-s 16530d000 00:05 10412                     /dev/dri/card0
7efd0693f000-7efd0695b000 r--s 00393000 08:02 3561275                    /usr/lib/jvm/java-8-oracle/jre/lib/ext/cldrdata.jar
7efd0695b000-7efd06a05000 r--p 00000000 08:02 4458635                    /usr/share/fonts/truetype/dejavu/DejaVuSans-Bold.ttf
7efd06a05000-7efd06c05000 rw-p 00000000 00:00 0 
7efd06c05000-7efd06e05000 rw-p 00000000 00:00 0 
7efd06e05000-7efd06e08000 ---p 00000000 00:00 0 
7efd06e08000-7efd06f06000 rw-p 00000000 00:00 0                          [stack:17327]
7efd06f06000-7efd06fbc000 r--p 00000000 08:02 4458636                    /usr/share/fonts/truetype/dejavu/DejaVuSans.ttf
7efd06fbc000-7efd06fc0000 r-xp 00000000 08:02 3560968                    /usr/lib/jvm/java-8-oracle/jre/lib/amd64/libjavafx_font_pango.so
7efd06fc0000-7efd071bf000 ---p 00004000 08:02 3560968                    /usr/lib/jvm/java-8-oracle/jre/lib/amd64/libjavafx_font_pango.so
7efd071bf000-7efd071c0000 r--p 00003000 08:02 3560968                    /usr/lib/jvm/java-8-oracle/jre/lib/amd64/libjavafx_font_pango.so
7efd071c0000-7efd071c1000 rw-p 00004000 08:02 3560968                    /usr/lib/jvm/java-8-oracle/jre/lib/amd64/libjavafx_font_pango.so
7efd071c1000-7efd071c6000 r-xp 00000000 08:02 3561012                    /usr/lib/jvm/java-8-oracle/jre/lib/amd64/libjavafx_font_freetype.so
7efd071c6000-7efd073c5000 ---p 00005000 08:02 3561012                    /usr/lib/jvm/java-8-oracle/jre/lib/amd64/libjavafx_font_freetype.so
7efd073c5000-7efd073c6000 r--p 00004000 08:02 3561012                    /usr/lib/jvm/java-8-oracle/jre/lib/amd64/libjavafx_font_freetype.so
7efd073c6000-7efd073c7000 rw-p 00005000 08:02 3561012                    /usr/lib/jvm/java-8-oracle/jre/lib/amd64/libjavafx_font_freetype.so
7efd073c7000-7efd073fe000 r-xp 00000000 08:02 3561024                    /usr/lib/jvm/java-8-oracle/jre/lib/amd64/libjavafx_iio.so
7efd073fe000-7efd075fd000 ---p 00037000 08:02 3561024                    /usr/lib/jvm/java-8-oracle/jre/lib/amd64/libjavafx_iio.so
7efd075fd000-7efd075fe000 r--p 00036000 08:02 3561024                    /usr/lib/jvm/java-8-oracle/jre/lib/amd64/libjavafx_iio.so
7efd075fe000-7efd075ff000 rw-p 00037000 08:02 3561024                    /usr/lib/jvm/java-8-oracle/jre/lib/amd64/libjavafx_iio.so
7efd075ff000-7efd077ff000 rw-p 00000000 00:00 0 
7efd077ff000-7efd07800000 ---p 00000000 00:00 0 
7efd07800000-7efd08000000 rw-p 00000000 00:00 0                          [stack:17323]
7efd08000000-7efd08021000 rw-p 00000000 00:00 0 
7efd08021000-7efd0c000000 ---p 00000000 00:00 0 
7efd0c000000-7efd0c001000 rw-s 14a1d6000 00:05 10412                     /dev/dri/card0
7efd0c001000-7efd0c002000 rw-s 14e608000 00:05 10412                     /dev/dri/card0
7efd0c008000-7efd0c009000 rw-s 14ea3c000 00:05 10412                     /dev/dri/card0
7efd0c009000-7efd0c00a000 rw-s 14ea3b000 00:05 10412                     /dev/dri/card0
7efd0c00b000-7efd0c016000 r--s 00116000 08:02 3561279                    /usr/lib/jvm/java-8-oracle/jre/lib/ext/localedata.jar
7efd0c016000-7efd0c017000 rw-s 14ea29000 00:05 10412                     /dev/dri/card0
7efd0c017000-7efd0c018000 rw-s 14ea28000 00:05 10412                     /dev/dri/card0
7efd0c022000-7efd0c032000 rw-s 14ea06000 00:05 10412                     /dev/dri/card0
7efd0c032000-7efd0c080000 r--p 00000000 08:02 3561265                    /usr/lib/jvm/java-8-oracle/jre/lib/fonts/LucidaSansDemiBold.ttf
7efd0c080000-7efd0c0d5000 r--p 00000000 08:02 3561263                    /usr/lib/jvm/java-8-oracle/jre/lib/fonts/LucidaBrightRegular.ttf
7efd0c0d5000-7efd0c10f000 r--p 00000000 08:02 3561262                    /usr/lib/jvm/java-8-oracle/jre/lib/fonts/LucidaTypewriterBold.ttf
7efd0c10f000-7efd0c1ba000 r--p 00000000 08:02 3561261                    /usr/lib/jvm/java-8-oracle/jre/lib/fonts/LucidaSansRegular.ttf
7efd0c1ba000-7efd0c1f6000 r--p 00000000 08:02 3561260                    /usr/lib/jvm/java-8-oracle/jre/lib/fonts/LucidaTypewriterRegular.ttf
7efd0c1f6000-7efd0c1f9000 r-xp 00000000 08:02 3560997                    /usr/lib/jvm/java-8-oracle/jre/lib/amd64/libjavafx_font.so
7efd0c1f9000-7efd0c3f8000 ---p 00003000 08:02 3560997                    /usr/lib/jvm/java-8-oracle/jre/lib/amd64/libjavafx_font.so
7efd0c3f8000-7efd0c3f9000 r--p 00002000 08:02 3560997                    /usr/lib/jvm/java-8-oracle/jre/lib/amd64/libjavafx_font.so
7efd0c3f9000-7efd0c3fa000 rw-p 00003000 08:02 3560997                    /usr/lib/jvm/java-8-oracle/jre/lib/amd64/libjavafx_font.so
7efd0c3fa000-7efd0c5fa000 rw-p 00000000 00:00 0 
7efd0c5fa000-7efd0c5fd000 ---p 00000000 00:00 0 
7efd0c5fd000-7efd0c6fb000 rw-p 00000000 00:00 0 
7efd0c6fb000-7efd0c6fe000 ---p 00000000 00:00 0 
7efd0c6fe000-7efd0c7fc000 rw-p 00000000 00:00 0 
7efd0c7fc000-7efd0c7fd000 ---p 00000000 00:00 0 
7efd0c7fd000-7efd0cffd000 rw-p 00000000 00:00 0                          [stack:17322]
7efd0cffd000-7efd0d008000 r-xp 00000000 08:02 3933563                    /usr/lib/x86_64-linux-gnu/gio/modules/libdconfsettings.so
7efd0d008000-7efd0d208000 ---p 0000b000 08:02 3933563                    /usr/lib/x86_64-linux-gnu/gio/modules/libdconfsettings.so
7efd0d208000-7efd0d209000 r--p 0000b000 08:02 3933563                    /usr/lib/x86_64-linux-gnu/gio/modules/libdconfsettings.so
7efd0d209000-7efd0d20a000 rw-p 0000c000 08:02 3933563                    /usr/lib/x86_64-linux-gnu/gio/modules/libdconfsettings.so
7efd0d20a000-7efd0d211000 r-xp 00000000 08:02 3548678                    /usr/lib/x86_64-linux-gnu/libogg.so.0.8.1
7efd0d211000-7efd0d411000 ---p 00007000 08:02 3548678                    /usr/lib/x86_64-linux-gnu/libogg.so.0.8.1
7efd0d411000-7efd0d412000 r--p 00007000 08:02 3548678                    /usr/lib/x86_64-linux-gnu/libogg.so.0.8.1
7efd0d412000-7efd0d413000 rw-p 00008000 08:02 3548678                    /usr/lib/x86_64-linux-gnu/libogg.so.0.8.1
7efd0d413000-7efd0d43f000 r-xp 00000000 08:02 3548956                    /usr/lib/x86_64-linux-gnu/libvorbis.so.0.4.5
7efd0d43f000-7efd0d63e000 ---p 0002c000 08:02 3548956                    /usr/lib/x86_64-linux-gnu/libvorbis.so.0.4.5
7efd0d63e000-7efd0d63f000 r--p 0002b000 08:02 3548956                    /usr/lib/x86_64-linux-gnu/libvorbis.so.0.4.5
7efd0d63f000-7efd0d640000 rw-p 0002c000 08:02 3548956                    /usr/lib/x86_64-linux-gnu/libvorbis.so.0.4.5
7efd0d640000-7efd0d649000 r-xp 00000000 08:02 3548584                    /usr/lib/x86_64-linux-gnu/libltdl.so.7.3.0
7efd0d649000-7efd0d848000 ---p 00009000 08:02 3548584                    /usr/lib/x86_64-linux-gnu/libltdl.so.7.3.0
7efd0d848000-7efd0d849000 r--p 00008000 08:02 3548584                    /usr/lib/x86_64-linux-gnu/libltdl.so.7.3.0
7efd0d849000-7efd0d84a000 rw-p 00009000 08:02 3548584                    /usr/lib/x86_64-linux-gnu/libltdl.so.7.3.0
7efd0d84a000-7efd0d85b000 r-xp 00000000 08:02 3548875                    /usr/lib/x86_64-linux-gnu/libtdb.so.1.2.12
7efd0d85b000-7efd0da5a000 ---p 00011000 08:02 3548875                    /usr/lib/x86_64-linux-gnu/libtdb.so.1.2.12
7efd0da5a000-7efd0da5b000 r--p 00010000 08:02 3548875                    /usr/lib/x86_64-linux-gnu/libtdb.so.1.2.12
7efd0da5b000-7efd0da5c000 rw-p 00011000 08:02 3548875                    /usr/lib/x86_64-linux-gnu/libtdb.so.1.2.12
7efd0da5c000-7efd0da63000 r-xp 00000000 08:02 3548960                    /usr/lib/x86_64-linux-gnu/libvorbisfile.so.3.3.4
7efd0da63000-7efd0dc62000 ---p 00007000 08:02 3548960                    /usr/lib/x86_64-linux-gnu/libvorbisfile.so.3.3.4
7efd0dc62000-7efd0dc63000 r--p 00006000 08:02 3548960                    /usr/lib/x86_64-linux-gnu/libvorbisfile.so.3.3.4
7efd0dc63000-7efd0dc64000 rw-p 00007000 08:02 3548960                    /usr/lib/x86_64-linux-gnu/libvorbisfile.so.3.3.4
7efd0dc64000-7efd0dc73000 r-xp 00000000 08:02 3548098                    /usr/lib/x86_64-linux-gnu/libcanberra.so.0.2.5
7efd0dc73000-7efd0de72000 ---p 0000f000 08:02 3548098                    /usr/lib/x86_64-linux-gnu/libcanberra.so.0.2.5
7efd0de72000-7efd0de73000 r--p 0000e000 08:02 3548098                    /usr/lib/x86_64-linux-gnu/libcanberra.so.0.2.5
7efd0de73000-7efd0de74000 rw-p 0000f000 08:02 3548098                    /usr/lib/x86_64-linux-gnu/libcanberra.so.0.2.5
7efd0de74000-7efd0de78000 r-xp 00000000 08:02 3548094                    /usr/lib/x86_64-linux-gnu/libcanberra-gtk.so.0.1.9
7efd0de78000-7efd0e077000 ---p 00004000 08:02 3548094                    /usr/lib/x86_64-linux-gnu/libcanberra-gtk.so.0.1.9
7efd0e077000-7efd0e078000 r--p 00003000 08:02 3548094                    /usr/lib/x86_64-linux-gnu/libcanberra-gtk.so.0.1.9
7efd0e078000-7efd0e079000 rw-p 00004000 08:02 3548094                    /usr/lib/x86_64-linux-gnu/libcanberra-gtk.so.0.1.9
7efd0e079000-7efd0e07e000 r-xp 00000000 08:02 3933818                    /usr/lib/x86_64-linux-gnu/gtk-2.0/modules/libcanberra-gtk-module.so
7efd0e07e000-7efd0e27d000 ---p 00005000 08:02 3933818                    /usr/lib/x86_64-linux-gnu/gtk-2.0/modules/libcanberra-gtk-module.so
7efd0e27d000-7efd0e27e000 r--p 00004000 08:02 3933818                    /usr/lib/x86_64-linux-gnu/gtk-2.0/modules/libcanberra-gtk-module.so
7efd0e27e000-7efd0e27f000 rw-p 00005000 08:02 3933818                    /usr/lib/x86_64-linux-gnu/gtk-2.0/modules/libcanberra-gtk-module.so
7efd0e27f000-7efd0e2ae000 r-xp 00000000 08:02 3933800                    /usr/lib/x86_64-linux-gnu/gtk-2.0/2.10.0/engines/libmurrine.so
7efd0e2ae000-7efd0e4ae000 ---p 0002f000 08:02 3933800                    /usr/lib/x86_64-linux-gnu/gtk-2.0/2.10.0/engines/libmurrine.so
7efd0e4ae000-7efd0e4af000 r--p 0002f000 08:02 3933800                    /usr/lib/x86_64-linux-gnu/gtk-2.0/2.10.0/engines/libmurrine.so
7efd0e4af000-7efd0e4b0000 rw-p 00030000 08:02 3933800                    /usr/lib/x86_64-linux-gnu/gtk-2.0/2.10.0/engines/libmurrine.so
7efd0e4b0000-7efd0e4c0000 r-xp 00000000 08:02 3541246                    /usr/lib/x86_64-linux-gnu/libunity-gtk2-parser.so.0.0.0
7efd0e4c0000-7efd0e6bf000 ---p 00010000 08:02 3541246                    /usr/lib/x86_64-linux-gnu/libunity-gtk2-parser.so.0.0.0
7efd0e6bf000-7efd0e6c0000 r--p 0000f000 08:02 3541246                    /usr/lib/x86_64-linux-gnu/libunity-gtk2-parser.so.0.0.0
7efd0e6c0000-7efd0e6c1000 rw-p 00010000 08:02 3541246                    /usr/lib/x86_64-linux-gnu/libunity-gtk2-parser.so.0.0.0
7efd0e6c1000-7efd0e6c6000 r-xp 00000000 08:02 3934586                    /usr/lib/x86_64-linux-gnu/gtk-2.0/modules/libunity-gtk-module.so
7efd0e6c6000-7efd0e8c5000 ---p 00005000 08:02 3934586                    /usr/lib/x86_64-linux-gnu/gtk-2.0/modules/libunity-gtk-module.so
7efd0e8c5000-7efd0e8c6000 r--p 00004000 08:02 3934586                    /usr/lib/x86_64-linux-gnu/gtk-2.0/modules/libunity-gtk-module.so
7efd0e8c6000-7efd0e8c7000 rw-p 00005000 08:02 3934586                    /usr/lib/x86_64-linux-gnu/gtk-2.0/modules/libunity-gtk-module.so
7efd0e8c7000-7efd0e8d8000 r-xp 00000000 08:02 3933821                    /usr/lib/x86_64-linux-gnu/gtk-2.0/modules/liboverlay-scrollbar.so
7efd0e8d8000-7efd0ead7000 ---p 00011000 08:02 3933821                    /usr/lib/x86_64-linux-gnu/gtk-2.0/modules/liboverlay-scrollbar.so
7efd0ead7000-7efd0ead8000 r--p 00010000 08:02 3933821                    /usr/lib/x86_64-linux-gnu/gtk-2.0/modules/liboverlay-scrollbar.so
7efd0ead8000-7efd0ead9000 rw-p 00011000 08:02 3933821                    /usr/lib/x86_64-linux-gnu/gtk-2.0/modules/liboverlay-scrollbar.so
7efd0ead9000-7efd0eb04000 r-xp 00000000 08:02 3560979                    /usr/lib/jvm/java-8-oracle/jre/lib/amd64/libglass.so
7efd0eb04000-7efd0ed03000 ---p 0002b000 08:02 3560979                    /usr/lib/jvm/java-8-oracle/jre/lib/amd64/libglass.so
7efd0ed03000-7efd0ed05000 r--p 0002a000 08:02 3560979                    /usr/lib/jvm/java-8-oracle/jre/lib/amd64/libglass.so
7efd0ed05000-7efd0ed06000 rw-p 0002c000 08:02 3560979                    /usr/lib/jvm/java-8-oracle/jre/lib/amd64/libglass.so
7efd0ed06000-7efd0ed07000 rw-p 00000000 00:00 0 
7efd0ed07000-7efd0ed3e000 r-xp 00000000 08:02 3548907                    /usr/lib/x86_64-linux-gnu/libtxc_dxtn_s2tc.so.0.0.0
7efd0ed3e000-7efd0ef3d000 ---p 00037000 08:02 3548907                    /usr/lib/x86_64-linux-gnu/libtxc_dxtn_s2tc.so.0.0.0
7efd0ef3d000-7efd0ef3e000 r--p 00036000 08:02 3548907                    /usr/lib/x86_64-linux-gnu/libtxc_dxtn_s2tc.so.0.0.0
7efd0ef3e000-7efd0ef3f000 rw-p 00037000 08:02 3548907                    /usr/lib/x86_64-linux-gnu/libtxc_dxtn_s2tc.so.0.0.0
7efd0ef3f000-7efd0ef40000 ---p 00000000 00:00 0 
7efd0ef40000-7efd0f740000 rw-p 00000000 00:00 0                          [stack:17321]
7efd0f740000-7efd0f765000 r-xp 00000000 08:02 2625642                    /lib/x86_64-linux-gnu/libtinfo.so.5.9
7efd0f765000-7efd0f964000 ---p 00025000 08:02 2625642                    /lib/x86_64-linux-gnu/libtinfo.so.5.9
7efd0f964000-7efd0f968000 r--p 00024000 08:02 2625642                    /lib/x86_64-linux-gnu/libtinfo.so.5.9
7efd0f968000-7efd0f969000 rw-p 00028000 08:02 2625642                    /lib/x86_64-linux-gnu/libtinfo.so.5.9
7efd0f969000-7efd11167000 r-xp 00000000 08:02 3547831                    /usr/lib/x86_64-linux-gnu/libLLVM-3.4.so.1
7efd11167000-7efd112f5000 r--p 017fd000 08:02 3547831                    /usr/lib/x86_64-linux-gnu/libLLVM-3.4.so.1
7efd112f5000-7efd112f7000 rw-p 0198b000 08:02 3547831                    /usr/lib/x86_64-linux-gnu/libLLVM-3.4.so.1
7efd112f7000-7efd1130a000 rw-p 00000000 00:00 0 
7efd1130a000-7efd11316000 r-xp 00000000 08:02 3541040                    /usr/lib/x86_64-linux-gnu/libdrm_radeon.so.1.0.1
7efd11316000-7efd11515000 ---p 0000c000 08:02 3541040                    /usr/lib/x86_64-linux-gnu/libdrm_radeon.so.1.0.1
7efd11515000-7efd11516000 r--p 0000b000 08:02 3541040                    /usr/lib/x86_64-linux-gnu/libdrm_radeon.so.1.0.1
7efd11516000-7efd11517000 rw-p 0000c000 08:02 3541040                    /usr/lib/x86_64-linux-gnu/libdrm_radeon.so.1.0.1
7efd11517000-7efd1152c000 r-xp 00000000 08:02 3544367                    /usr/lib/x86_64-linux-gnu/libelf-0.158.so
7efd1152c000-7efd1172b000 ---p 00015000 08:02 3544367                    /usr/lib/x86_64-linux-gnu/libelf-0.158.so
7efd1172b000-7efd1172c000 r--p 00014000 08:02 3544367                    /usr/lib/x86_64-linux-gnu/libelf-0.158.so
7efd1172c000-7efd1172d000 rw-p 00015000 08:02 3544367                    /usr/lib/x86_64-linux-gnu/libelf-0.158.so
7efd1172d000-7efd11916000 r-xp 00000000 08:02 3544201                    /usr/lib/x86_64-linux-gnu/libgallium.so.0.0.0
7efd11916000-7efd11b16000 ---p 001e9000 08:02 3544201                    /usr/lib/x86_64-linux-gnu/libgallium.so.0.0.0
7efd11b16000-7efd11b26000 r--p 001e9000 08:02 3544201                    /usr/lib/x86_64-linux-gnu/libgallium.so.0.0.0
7efd11b26000-7efd11b28000 rw-p 001f9000 08:02 3544201                    /usr/lib/x86_64-linux-gnu/libgallium.so.0.0.0
7efd11b28000-7efd11cf0000 rw-p 00000000 00:00 0 
7efd11cf0000-7efd12089000 r-xp 00000000 08:02 3935261                    /usr/lib/x86_64-linux-gnu/dri/r600_dri.so
7efd12089000-7efd12288000 ---p 00399000 08:02 3935261                    /usr/lib/x86_64-linux-gnu/dri/r600_dri.so
7efd12288000-7efd122c6000 r--p 00398000 08:02 3935261                    /usr/lib/x86_64-linux-gnu/dri/r600_dri.so
7efd122c6000-7efd122d1000 rw-p 003d6000 08:02 3935261                    /usr/lib/x86_64-linux-gnu/dri/r600_dri.so
7efd122d1000-7efd122ed000 rw-p 00000000 00:00 0 
7efd122ed000-7efd12331000 r-xp 00000000 08:02 2621531                    /lib/x86_64-linux-gnu/libdbus-1.so.3.7.6
7efd12331000-7efd12530000 ---p 00044000 08:02 2621531                    /lib/x86_64-linux-gnu/libdbus-1.so.3.7.6
7efd12530000-7efd12531000 r--p 00043000 08:02 2621531                    /lib/x86_64-linux-gnu/libdbus-1.so.3.7.6
7efd12531000-7efd12532000 rw-p 00044000 08:02 2621531                    /lib/x86_64-linux-gnu/libdbus-1.so.3.7.6
7efd12532000-7efd1253a000 r-xp 00000000 08:02 2625558                    /lib/x86_64-linux-gnu/libnih-dbus.so.1.0.0
7efd1253a000-7efd1273a000 ---p 00008000 08:02 2625558                    /lib/x86_64-linux-gnu/libnih-dbus.so.1.0.0
7efd1273a000-7efd1273b000 r--p 00008000 08:02 2625558                    /lib/x86_64-linux-gnu/libnih-dbus.so.1.0.0
7efd1273b000-7efd1273c000 rw-p 00009000 08:02 2625558                    /lib/x86_64-linux-gnu/libnih-dbus.so.1.0.0
7efd1273c000-7efd12753000 r-xp 00000000 08:02 2625560                    /lib/x86_64-linux-gnu/libnih.so.1.0.0
7efd12753000-7efd12952000 ---p 00017000 08:02 2625560                    /lib/x86_64-linux-gnu/libnih.so.1.0.0
7efd12952000-7efd12953000 r--p 00016000 08:02 2625560                    /lib/x86_64-linux-gnu/libnih.so.1.0.0
7efd12953000-7efd12954000 rw-p 00017000 08:02 2625560                    /lib/x86_64-linux-gnu/libnih.so.1.0.0
7efd12954000-7efd1296d000 r-xp 00000000 08:02 2622404                    /lib/x86_64-linux-gnu/libcgmanager.so.0.0.0
7efd1296d000-7efd12b6c000 ---p 00019000 08:02 2622404                    /lib/x86_64-linux-gnu/libcgmanager.so.0.0.0
7efd12b6c000-7efd12b6e000 r--p 00018000 08:02 2622404                    /lib/x86_64-linux-gnu/libcgmanager.so.0.0.0
7efd12b6e000-7efd12b6f000 rw-p 0001a000 08:02 2622404                    /lib/x86_64-linux-gnu/libcgmanager.so.0.0.0
7efd12b6f000-7efd12b7f000 r-xp 00000000 08:02 2623796                    /lib/x86_64-linux-gnu/libudev.so.1.3.5
7efd12b7f000-7efd12d7e000 ---p 00010000 08:02 2623796                    /lib/x86_64-linux-gnu/libudev.so.1.3.5
7efd12d7e000-7efd12d7f000 r--p 0000f000 08:02 2623796                    /lib/x86_64-linux-gnu/libudev.so.1.3.5
7efd12d7f000-7efd12d80000 rw-p 00010000 08:02 2623796                    /lib/x86_64-linux-gnu/libudev.so.1.3.5
7efd12d80000-7efd12d86000 r-xp 00000000 08:02 3548162                    /usr/lib/x86_64-linux-gnu/libdatrie.so.1.3.1
7efd12d86000-7efd12f85000 ---p 00006000 08:02 3548162                    /usr/lib/x86_64-linux-gnu/libdatrie.so.1.3.1
7efd12f85000-7efd12f86000 r--p 00005000 08:02 3548162                    /usr/lib/x86_64-linux-gnu/libdatrie.so.1.3.1
7efd12f86000-7efd12f87000 rw-p 00006000 08:02 3548162                    /usr/lib/x86_64-linux-gnu/libdatrie.so.1.3.1
7efd12f87000-7efd12f8c000 r-xp 00000000 08:02 3547970                    /usr/lib/x86_64-linux-gnu/libXdmcp.so.6.0.0
7efd12f8c000-7efd1318b000 ---p 00005000 08:02 3547970                    /usr/lib/x86_64-linux-gnu/libXdmcp.so.6.0.0
7efd1318b000-7efd1318c000 r--p 00004000 08:02 3547970                    /usr/lib/x86_64-linux-gnu/libXdmcp.so.6.0.0
7efd1318c000-7efd1318d000 rw-p 00005000 08:02 3547970                    /usr/lib/x86_64-linux-gnu/libXdmcp.so.6.0.0
7efd1318d000-7efd1318f000 r-xp 00000000 08:02 3547959                    /usr/lib/x86_64-linux-gnu/libXau.so.6.0.0
7efd1318f000-7efd1338f000 ---p 00002000 08:02 3547959                    /usr/lib/x86_64-linux-gnu/libXau.so.6.0.0
7efd1338f000-7efd13390000 r--p 00002000 08:02 3547959                    /usr/lib/x86_64-linux-gnu/libXau.so.6.0.0
7efd13390000-7efd13391000 rw-p 00003000 08:02 3547959                    /usr/lib/x86_64-linux-gnu/libXau.so.6.0.0
7efd13391000-7efd133ab000 r-xp 00000000 08:02 3548388                    /usr/lib/x86_64-linux-gnu/libgraphite2.so.3.0.1
7efd133ab000-7efd135aa000 ---p 0001a000 08:02 3548388                    /usr/lib/x86_64-linux-gnu/libgraphite2.so.3.0.1
7efd135aa000-7efd135ac000 r--p 00019000 08:02 3548388                    /usr/lib/x86_64-linux-gnu/libgraphite2.so.3.0.1
7efd135ac000-7efd135ad000 rw-p 0001b000 08:02 3548388                    /usr/lib/x86_64-linux-gnu/libgraphite2.so.3.0.1
7efd135ad000-7efd135b8000 r-xp 00000000 08:02 3544199                    /usr/lib/x86_64-linux-gnu/libdrm.so.2.4.0
7efd135b8000-7efd137b7000 ---p 0000b000 08:02 3544199                    /usr/lib/x86_64-linux-gnu/libdrm.so.2.4.0
7efd137b7000-7efd137b8000 r--p 0000a000 08:02 3544199                    /usr/lib/x86_64-linux-gnu/libdrm.so.2.4.0
7efd137b8000-7efd137b9000 rw-p 0000b000 08:02 3544199                    /usr/lib/x86_64-linux-gnu/libdrm.so.2.4.0
7efd137b9000-7efd137ba000 r-xp 00000000 08:02 3549035                    /usr/lib/x86_64-linux-gnu/libxshmfence.so.1.0.0
7efd137ba000-7efd139b9000 ---p 00001000 08:02 3549035                    /usr/lib/x86_64-linux-gnu/libxshmfence.so.1.0.0
7efd139b9000-7efd139ba000 r--p 00000000 08:02 3549035                    /usr/lib/x86_64-linux-gnu/libxshmfence.so.1.0.0
7efd139ba000-7efd139bb000 rw-p 00001000 08:02 3549035                    /usr/lib/x86_64-linux-gnu/libxshmfence.so.1.0.0
7efd139bb000-7efd139c0000 r-xp 00000000 08:02 3549019                    /usr/lib/x86_64-linux-gnu/libxcb-sync.so.1.0.0
7efd139c0000-7efd13bbf000 ---p 00005000 08:02 3549019                    /usr/lib/x86_64-linux-gnu/libxcb-sync.so.1.0.0
7efd13bbf000-7efd13bc0000 r--p 00004000 08:02 3549019                    /usr/lib/x86_64-linux-gnu/libxcb-sync.so.1.0.0
7efd13bc0000-7efd13bc1000 rw-p 00005000 08:02 3549019                    /usr/lib/x86_64-linux-gnu/libxcb-sync.so.1.0.0
7efd13bc1000-7efd13bc3000 r-xp 00000000 08:02 3549007                    /usr/lib/x86_64-linux-gnu/libxcb-present.so.0.0.0
7efd13bc3000-7efd13dc2000 ---p 00002000 08:02 3549007                    /usr/lib/x86_64-linux-gnu/libxcb-present.so.0.0.0
7efd13dc2000-7efd13dc3000 r--p 00001000 08:02 3549007                    /usr/lib/x86_64-linux-gnu/libxcb-present.so.0.0.0
7efd13dc3000-7efd13dc4000 rw-p 00002000 08:02 3549007                    /usr/lib/x86_64-linux-gnu/libxcb-present.so.0.0.0
7efd13dc4000-7efd13dc6000 r-xp 00000000 08:02 3548999                    /usr/lib/x86_64-linux-gnu/libxcb-dri3.so.0.0.0
7efd13dc6000-7efd13fc5000 ---p 00002000 08:02 3548999                    /usr/lib/x86_64-linux-gnu/libxcb-dri3.so.0.0.0
7efd13fc5000-7efd13fc6000 r--p 00001000 08:02 3548999                    /usr/lib/x86_64-linux-gnu/libxcb-dri3.so.0.0.0
7efd13fc6000-7efd13fc7000 rw-p 00002000 08:02 3548999                    /usr/lib/x86_64-linux-gnu/libxcb-dri3.so.0.0.0
7efd13fc7000-7efd13fca000 r-xp 00000000 08:02 3548997                    /usr/lib/x86_64-linux-gnu/libxcb-dri2.so.0.0.0
7efd13fca000-7efd141ca000 ---p 00003000 08:02 3548997                    /usr/lib/x86_64-linux-gnu/libxcb-dri2.so.0.0.0
7efd141ca000-7efd141cb000 r--p 00003000 08:02 3548997                    /usr/lib/x86_64-linux-gnu/libxcb-dri2.so.0.0.0
7efd141cb000-7efd141cc000 rw-p 00004000 08:02 3548997                    /usr/lib/x86_64-linux-gnu/libxcb-dri2.so.0.0.0
7efd141cc000-7efd141e1000 r-xp 00000000 08:02 3549001                    /usr/lib/x86_64-linux-gnu/libxcb-glx.so.0.0.0
7efd141e1000-7efd143e0000 ---p 00015000 08:02 3549001                    /usr/lib/x86_64-linux-gnu/libxcb-glx.so.0.0.0
7efd143e0000-7efd143e2000 r--p 00014000 08:02 3549001                    /usr/lib/x86_64-linux-gnu/libxcb-glx.so.0.0.0
7efd143e2000-7efd143e3000 rw-p 00016000 08:02 3549001                    /usr/lib/x86_64-linux-gnu/libxcb-glx.so.0.0.0
7efd143e3000-7efd143e4000 r-xp 00000000 08:02 3547953                    /usr/lib/x86_64-linux-gnu/libX11-xcb.so.1.0.0
7efd143e4000-7efd145e3000 ---p 00001000 08:02 3547953                    /usr/lib/x86_64-linux-gnu/libX11-xcb.so.1.0.0
7efd145e3000-7efd145e4000 r--p 00000000 08:02 3547953                    /usr/lib/x86_64-linux-gnu/libX11-xcb.so.1.0.0
7efd145e4000-7efd145e5000 rw-p 00001000 08:02 3547953                    /usr/lib/x86_64-linux-gnu/libX11-xcb.so.1.0.0
7efd145e5000-7efd14607000 r-xp 00000000 08:02 3544400                    /usr/lib/x86_64-linux-gnu/libglapi.so.0.0.0
7efd14607000-7efd14807000 ---p 00022000 08:02 3544400                    /usr/lib/x86_64-linux-gnu/libglapi.so.0.0.0
7efd14807000-7efd1480a000 r--p 00022000 08:02 3544400                    /usr/lib/x86_64-linux-gnu/libglapi.so.0.0.0
7efd1480a000-7efd1480b000 rw-p 00025000 08:02 3544400                    /usr/lib/x86_64-linux-gnu/libglapi.so.0.0.0
7efd1480b000-7efd1480c000 rw-p 00000000 00:00 0 
7efd1480c000-7efd14849000 r-xp 00000000 08:02 2625599                    /lib/x86_64-linux-gnu/libpcre.so.3.13.1
7efd14849000-7efd14a48000 ---p 0003d000 08:02 2625599                    /lib/x86_64-linux-gnu/libpcre.so.3.13.1
7efd14a48000-7efd14a49000 r--p 0003c000 08:02 2625599                    /lib/x86_64-linux-gnu/libpcre.so.3.13.1
7efd14a49000-7efd14a4a000 rw-p 0003d000 08:02 2625599                    /lib/x86_64-linux-gnu/libpcre.so.3.13.1
7efd14a4a000-7efd14a51000 r-xp 00000000 08:02 3548237                    /usr/lib/x86_64-linux-gnu/libffi.so.6.0.1
7efd14a51000-7efd14c50000 ---p 00007000 08:02 3548237                    /usr/lib/x86_64-linux-gnu/libffi.so.6.0.1
7efd14c50000-7efd14c51000 r--p 00006000 08:02 3548237                    /usr/lib/x86_64-linux-gnu/libffi.so.6.0.1
7efd14c51000-7efd14c52000 rw-p 00007000 08:02 3548237                    /usr/lib/x86_64-linux-gnu/libffi.so.6.0.1
7efd14c52000-7efd14c79000 r-xp 00000000 08:02 2625518                    /lib/x86_64-linux-gnu/libexpat.so.1.6.0
7efd14c79000-7efd14e79000 ---p 00027000 08:02 2625518                    /lib/x86_64-linux-gnu/libexpat.so.1.6.0
7efd14e79000-7efd14e7b000 r--p 00027000 08:02 2625518                    /lib/x86_64-linux-gnu/libexpat.so.1.6.0
7efd14e7b000-7efd14e7c000 rw-p 00029000 08:02 2625518                    /lib/x86_64-linux-gnu/libexpat.so.1.6.0
7efd14e7c000-7efd14e84000 r-xp 00000000 08:02 3548887                    /usr/lib/x86_64-linux-gnu/libthai.so.0.2.0
7efd14e84000-7efd15083000 ---p 00008000 08:02 3548887                    /usr/lib/x86_64-linux-gnu/libthai.so.0.2.0
7efd15083000-7efd15084000 r--p 00007000 08:02 3548887                    /usr/lib/x86_64-linux-gnu/libthai.so.0.2.0
7efd15084000-7efd15085000 rw-p 00008000 08:02 3548887                    /usr/lib/x86_64-linux-gnu/libthai.so.0.2.0
7efd15085000-7efd150a2000 r-xp 00000000 08:02 3549027                    /usr/lib/x86_64-linux-gnu/libxcb.so.1.1.0
7efd150a2000-7efd152a2000 ---p 0001d000 08:02 3549027                    /usr/lib/x86_64-linux-gnu/libxcb.so.1.1.0
7efd152a2000-7efd152a3000 r--p 0001d000 08:02 3549027                    /usr/lib/x86_64-linux-gnu/libxcb.so.1.1.0
7efd152a3000-7efd152a4000 rw-p 0001e000 08:02 3549027                    /usr/lib/x86_64-linux-gnu/libxcb.so.1.1.0
7efd152a4000-7efd152ac000 r-xp 00000000 08:02 3549013                    /usr/lib/x86_64-linux-gnu/libxcb-render.so.0.0.0
7efd152ac000-7efd154ab000 ---p 00008000 08:02 3549013                    /usr/lib/x86_64-linux-gnu/libxcb-render.so.0.0.0
7efd154ab000-7efd154ac000 r--p 00007000 08:02 3549013                    /usr/lib/x86_64-linux-gnu/libxcb-render.so.0.0.0
7efd154ac000-7efd154ad000 rw-p 00008000 08:02 3549013                    /usr/lib/x86_64-linux-gnu/libxcb-render.so.0.0.0
7efd154ad000-7efd154af000 r-xp 00000000 08:02 3549017                    /usr/lib/x86_64-linux-gnu/libxcb-shm.so.0.0.0
7efd154af000-7efd156ae000 ---p 00002000 08:02 3549017                    /usr/lib/x86_64-linux-gnu/libxcb-shm.so.0.0.0
7efd156ae000-7efd156af000 r--p 00001000 08:02 3549017                    /usr/lib/x86_64-linux-gnu/libxcb-shm.so.0.0.0
7efd156af000-7efd156b0000 rw-p 00002000 08:02 3549017                    /usr/lib/x86_64-linux-gnu/libxcb-shm.so.0.0.0
7efd156b0000-7efd156d5000 r-xp 00000000 08:02 2625611                    /lib/x86_64-linux-gnu/libpng12.so.0.50.0
7efd156d5000-7efd158d4000 ---p 00025000 08:02 2625611                    /lib/x86_64-linux-gnu/libpng12.so.0.50.0
7efd158d4000-7efd158d5000 r--p 00024000 08:02 2625611                    /lib/x86_64-linux-gnu/libpng12.so.0.50.0
7efd158d5000-7efd158d6000 rw-p 00025000 08:02 2625611                    /lib/x86_64-linux-gnu/libpng12.so.0.50.0
7efd158d6000-7efd15977000 r-xp 00000000 08:02 3548717                    /usr/lib/x86_64-linux-gnu/libpixman-1.so.0.30.2
7efd15977000-7efd15b77000 ---p 000a1000 08:02 3548717                    /usr/lib/x86_64-linux-gnu/libpixman-1.so.0.30.2
7efd15b77000-7efd15b7e000 r--p 000a1000 08:02 3548717                    /usr/lib/x86_64-linux-gnu/libpixman-1.so.0.30.2
7efd15b7e000-7efd15b7f000 rw-p 000a8000 08:02 3548717                    /usr/lib/x86_64-linux-gnu/libpixman-1.so.0.30.2
7efd15b7f000-7efd15bd2000 r-xp 00000000 08:02 3544441                    /usr/lib/x86_64-linux-gnu/libharfbuzz.so.0.927.0
7efd15bd2000-7efd15dd2000 ---p 00053000 08:02 3544441                    /usr/lib/x86_64-linux-gnu/libharfbuzz.so.0.927.0
7efd15dd2000-7efd15dd3000 r--p 00053000 08:02 3544441                    /usr/lib/x86_64-linux-gnu/libharfbuzz.so.0.927.0
7efd15dd3000-7efd15dd4000 rw-p 00054000 08:02 3544441                    /usr/lib/x86_64-linux-gnu/libharfbuzz.so.0.927.0
7efd15dd4000-7efd15deb000 r-xp 00000000 08:02 2625474                    /lib/x86_64-linux-gnu/libresolv-2.19.so
7efd15deb000-7efd15feb000 ---p 00017000 08:02 2625474                    /lib/x86_64-linux-gnu/libresolv-2.19.so
7efd15feb000-7efd15fec000 r--p 00017000 08:02 2625474                    /lib/x86_64-linux-gnu/libresolv-2.19.so
7efd15fec000-7efd15fed000 rw-p 00018000 08:02 2625474                    /lib/x86_64-linux-gnu/libresolv-2.19.so
7efd15fed000-7efd15fef000 rw-p 00000000 00:00 0 
7efd15fef000-7efd1600f000 r-xp 00000000 08:02 2625802                    /lib/x86_64-linux-gnu/libselinux.so.1
7efd1600f000-7efd1620e000 ---p 00020000 08:02 2625802                    /lib/x86_64-linux-gnu/libselinux.so.1
7efd1620e000-7efd1620f000 r--p 0001f000 08:02 2625802                    /lib/x86_64-linux-gnu/libselinux.so.1
7efd1620f000-7efd16210000 rw-p 00020000 08:02 2625802                    /lib/x86_64-linux-gnu/libselinux.so.1
7efd16210000-7efd16212000 rw-p 00000000 00:00 0 
7efd16212000-7efd1622a000 r-xp 00000000 08:02 2625659                    /lib/x86_64-linux-gnu/libz.so.1.2.8
7efd1622a000-7efd16429000 ---p 00018000 08:02 2625659                    /lib/x86_64-linux-gnu/libz.so.1.2.8
7efd16429000-7efd1642a000 r--p 00017000 08:02 2625659                    /lib/x86_64-linux-gnu/libz.so.1.2.8
7efd1642a000-7efd1642b000 rw-p 00018000 08:02 2625659                    /lib/x86_64-linux-gnu/libz.so.1.2.8
7efd1642b000-7efd1643c000 r-xp 00000000 08:02 3542901                    /usr/lib/x86_64-linux-gnu/libXext.so.6.4.0
7efd1643c000-7efd1663b000 ---p 00011000 08:02 3542901                    /usr/lib/x86_64-linux-gnu/libXext.so.6.4.0
7efd1663b000-7efd1663c000 r--p 00010000 08:02 3542901                    /usr/lib/x86_64-linux-gnu/libXext.so.6.4.0
7efd1663c000-7efd1663d000 rw-p 00011000 08:02 3542901                    /usr/lib/x86_64-linux-gnu/libXext.so.6.4.0
7efd1663d000-7efd1663f000 r-xp 00000000 08:02 3547968                    /usr/lib/x86_64-linux-gnu/libXdamage.so.1.1.0
7efd1663f000-7efd1683e000 ---p 00002000 08:02 3547968                    /usr/lib/x86_64-linux-gnu/libXdamage.so.1.1.0
7efd1683e000-7efd1683f000 r--p 00001000 08:02 3547968                    /usr/lib/x86_64-linux-gnu/libXdamage.so.1.1.0
7efd1683f000-7efd16840000 rw-p 00002000 08:02 3547968                    /usr/lib/x86_64-linux-gnu/libXdamage.so.1.1.0
7efd16840000-7efd16842000 r-xp 00000000 08:02 3547964                    /usr/lib/x86_64-linux-gnu/libXcomposite.so.1.0.0
7efd16842000-7efd16a41000 ---p 00002000 08:02 3547964                    /usr/lib/x86_64-linux-gnu/libXcomposite.so.1.0.0
7efd16a41000-7efd16a42000 r--p 00001000 08:02 3547964                    /usr/lib/x86_64-linux-gnu/libXcomposite.so.1.0.0
7efd16a42000-7efd16a43000 rw-p 00002000 08:02 3547964                    /usr/lib/x86_64-linux-gnu/libXcomposite.so.1.0.0
7efd16a43000-7efd16a4c000 r-xp 00000000 08:02 3547966                    /usr/lib/x86_64-linux-gnu/libXcursor.so.1.0.2
7efd16a4c000-7efd16c4b000 ---p 00009000 08:02 3547966                    /usr/lib/x86_64-linux-gnu/libXcursor.so.1.0.2
7efd16c4b000-7efd16c4c000 r--p 00008000 08:02 3547966                    /usr/lib/x86_64-linux-gnu/libXcursor.so.1.0.2
7efd16c4c000-7efd16c4d000 rw-p 00009000 08:02 3547966                    /usr/lib/x86_64-linux-gnu/libXcursor.so.1.0.2
7efd16c4d000-7efd16c56000 r-xp 00000000 08:02 3547992                    /usr/lib/x86_64-linux-gnu/libXrandr.so.2.2.0
7efd16c56000-7efd16e55000 ---p 00009000 08:02 3547992                    /usr/lib/x86_64-linux-gnu/libXrandr.so.2.2.0
7efd16e55000-7efd16e56000 r--p 00008000 08:02 3547992                    /usr/lib/x86_64-linux-gnu/libXrandr.so.2.2.0
7efd16e56000-7efd16e57000 rw-p 00009000 08:02 3547992                    /usr/lib/x86_64-linux-gnu/libXrandr.so.2.2.0
7efd16e57000-7efd16e66000 r-xp 00000000 08:02 3542605                    /usr/lib/x86_64-linux-gnu/libXi.so.6.1.0
7efd16e66000-7efd17065000 ---p 0000f000 08:02 3542605                    /usr/lib/x86_64-linux-gnu/libXi.so.6.1.0
7efd17065000-7efd17066000 r--p 0000e000 08:02 3542605                    /usr/lib/x86_64-linux-gnu/libXi.so.6.1.0
7efd17066000-7efd17067000 rw-p 0000f000 08:02 3542605                    /usr/lib/x86_64-linux-gnu/libXi.so.6.1.0
7efd17067000-7efd17069000 r-xp 00000000 08:02 3547982                    /usr/lib/x86_64-linux-gnu/libXinerama.so.1.0.0
7efd17069000-7efd17268000 ---p 00002000 08:02 3547982                    /usr/lib/x86_64-linux-gnu/libXinerama.so.1.0.0
7efd17268000-7efd17269000 r--p 00001000 08:02 3547982                    /usr/lib/x86_64-linux-gnu/libXinerama.so.1.0.0
7efd17269000-7efd1726a000 rw-p 00002000 08:02 3547982                    /usr/lib/x86_64-linux-gnu/libXinerama.so.1.0.0
7efd1726a000-7efd17273000 r-xp 00000000 08:02 3542639                    /usr/lib/x86_64-linux-gnu/libXrender.so.1.3.0
7efd17273000-7efd17472000 ---p 00009000 08:02 3542639                    /usr/lib/x86_64-linux-gnu/libXrender.so.1.3.0
7efd17472000-7efd17473000 r--p 00008000 08:02 3542639                    /usr/lib/x86_64-linux-gnu/libXrender.so.1.3.0
7efd17473000-7efd17474000 rw-p 00009000 08:02 3542639                    /usr/lib/x86_64-linux-gnu/libXrender.so.1.3.0
7efd17474000-7efd17479000 r-xp 00000000 08:02 3540246                    /usr/lib/x86_64-linux-gnu/libXfixes.so.3.1.0
7efd17479000-7efd17678000 ---p 00005000 08:02 3540246                    /usr/lib/x86_64-linux-gnu/libXfixes.so.3.1.0
7efd17678000-7efd17679000 r--p 00004000 08:02 3540246                    /usr/lib/x86_64-linux-gnu/libXfixes.so.3.1.0
7efd17679000-7efd1767a000 rw-p 00005000 08:02 3540246                    /usr/lib/x86_64-linux-gnu/libXfixes.so.3.1.0
7efd1767a000-7efd17690000 r-xp 00000000 08:02 2621469                    /lib/x86_64-linux-gnu/libgcc_s.so.1
7efd17690000-7efd1788f000 ---p 00016000 08:02 2621469                    /lib/x86_64-linux-gnu/libgcc_s.so.1
7efd1788f000-7efd17890000 rw-p 00015000 08:02 2621469                    /lib/x86_64-linux-gnu/libgcc_s.so.1
7efd17890000-7efd17976000 r-xp 00000000 08:02 3547676                    /usr/lib/x86_64-linux-gnu/libstdc++.so.6.0.19
7efd17976000-7efd17b75000 ---p 000e6000 08:02 3547676                    /usr/lib/x86_64-linux-gnu/libstdc++.so.6.0.19
7efd17b75000-7efd17b7d000 r--p 000e5000 08:02 3547676                    /usr/lib/x86_64-linux-gnu/libstdc++.so.6.0.19
7efd17b7d000-7efd17b7f000 rw-p 000ed000 08:02 3547676                    /usr/lib/x86_64-linux-gnu/libstdc++.so.6.0.19
7efd17b7f000-7efd17b94000 rw-p 00000000 00:00 0 
7efd17b94000-7efd17bf6000 r-xp 00000000 08:02 3933247                    /usr/lib/x86_64-linux-gnu/mesa/libGL.so.1.2.0
7efd17bf6000-7efd17df5000 ---p 00062000 08:02 3933247                    /usr/lib/x86_64-linux-gnu/mesa/libGL.so.1.2.0
7efd17df5000-7efd17df8000 r--p 00061000 08:02 3933247                    /usr/lib/x86_64-linux-gnu/mesa/libGL.so.1.2.0
7efd17df8000-7efd17df9000 rw-p 00064000 08:02 3933247                    /usr/lib/x86_64-linux-gnu/mesa/libGL.so.1.2.0
7efd17df9000-7efd17dfa000 rw-p 00000000 00:00 0 
7efd17dfa000-7efd17dfe000 r-xp 00000000 08:02 3548010                    /usr/lib/x86_64-linux-gnu/libXxf86vm.so.1.0.0
7efd17dfe000-7efd17ffe000 ---p 00004000 08:02 3548010                    /usr/lib/x86_64-linux-gnu/libXxf86vm.so.1.0.0
7efd17ffe000-7efd17fff000 r--p 00004000 08:02 3548010                    /usr/lib/x86_64-linux-gnu/libXxf86vm.so.1.0.0
7efd17fff000-7efd18000000 rw-p 00005000 08:02 3548010                    /usr/lib/x86_64-linux-gnu/libXxf86vm.so.1.0.0
7efd18000000-7efd18021000 rw-p 00000000 00:00 0 
7efd18021000-7efd1c000000 ---p 00000000 00:00 0 
7efd1c000000-7efd1c776000 rw-p 00000000 00:00 0 
7efd1c776000-7efd20000000 ---p 00000000 00:00 0 
7efd20000000-7efd208a6000 rw-p 00000000 00:00 0 
7efd208a6000-7efd24000000 ---p 00000000 00:00 0 
7efd24000000-7efd24021000 rw-p 00000000 00:00 0 
7efd24021000-7efd28000000 ---p 00000000 00:00 0 
7efd28000000-7efd28021000 rw-p 00000000 00:00 0 
7efd28021000-7efd2c000000 ---p 00000000 00:00 0 
7efd2c000000-7efd2cbf0000 rw-p 00000000 00:00 0 
7efd2cbf0000-7efd30000000 ---p 00000000 00:00 0 
7efd30000000-7efd30021000 rw-p 00000000 00:00 0 
7efd30021000-7efd34000000 ---p 00000000 00:00 0 
7efd34000000-7efd34021000 rw-p 00000000 00:00 0 
7efd34021000-7efd38000000 ---p 00000000 00:00 0 
7efd38005000-7efd38006000 rw-s 14914b000 00:05 10412                     /dev/dri/card0
7efd38006000-7efd38007000 rw-s 14e27d000 00:05 10412                     /dev/dri/card0
7efd38007000-7efd38008000 rw-s 14ea16000 00:05 10412                     /dev/dri/card0
7efd38008000-7efd38009000 rw-s 14e27c000 00:05 10412                     /dev/dri/card0
7efd38009000-7efd3800a000 rw-s 14ea04000 00:05 10412                     /dev/dri/card0
7efd3800a000-7efd3800b000 rw-s 14ea03000 00:05 10412                     /dev/dri/card0
7efd3800b000-7efd3800c000 rw-s 14ea02000 00:05 10412                     /dev/dri/card0
7efd3800c000-7efd3800d000 rw-s 14ea01000 00:05 10412                     /dev/dri/card0
7efd3800d000-7efd3800e000 rw-s 14e607000 00:05 10412                     /dev/dri/card0
7efd3800e000-7efd3800f000 rw-s 14e606000 00:05 10412                     /dev/dri/card0
7efd3800f000-7efd38022000 r--s 00344000 08:02 3561104                    /usr/lib/jvm/java-8-oracle/jre/lib/resources.jar
7efd38022000-7efd38035000 r--p 00000000 08:02 3561264                    /usr/lib/jvm/java-8-oracle/jre/lib/fonts/LucidaBrightDemiItalic.ttf
7efd38035000-7efd38048000 r--p 00000000 08:02 3561258                    /usr/lib/jvm/java-8-oracle/jre/lib/fonts/LucidaBrightDemiBold.ttf
7efd38048000-7efd3805c000 r--p 00000000 08:02 3561257                    /usr/lib/jvm/java-8-oracle/jre/lib/fonts/LucidaBrightItalic.ttf
7efd3805c000-7efd38061000 r--s 00083000 08:02 3561114                    /usr/lib/jvm/java-8-oracle/jre/lib/jfr.jar
7efd38061000-7efd38062000 r--s 00000000 08:02 2366729                    /var/cache/fontconfig/c05880de57d1f5e948fdfacc138775d9-le64.cache-4
7efd38062000-7efd3806d000 r--s 00000000 08:02 2359779                    /var/cache/fontconfig/945677eb7aeaf62f1d50efc3fb3ec7d8-le64.cache-4
7efd3806d000-7efd38073000 r--s 00000000 08:02 2366663                    /var/cache/fontconfig/2cd17615ca594fa2959ae173292e504c-le64.cache-4
7efd38073000-7efd38074000 r--s 00000000 08:02 2366662                    /var/cache/fontconfig/e7071f4a29fa870f4323321c154eba04-le64.cache-4
7efd38074000-7efd38075000 r--s 00000000 08:02 2366655                    /var/cache/fontconfig/0d8c3b2ac0904cb8a57a757ad11a4a08-le64.cache-4
7efd38075000-7efd3807c000 r--s 00000000 08:02 2366654                    /var/cache/fontconfig/a755afe4a08bf5b97852ceb7400b47bc-le64.cache-4
7efd3807c000-7efd38085000 r--s 00000000 08:02 2366641                    /var/cache/fontconfig/6d41288fd70b0be22e8c3a91e032eec0-le64.cache-4
7efd38085000-7efd38099000 r--s 00000000 08:02 2366599                    /var/cache/fontconfig/04aabc0a78ac019cf9454389977116d2-le64.cache-4
7efd38099000-7efd3809a000 r--s 00000000 08:02 2366369                    /var/cache/fontconfig/1ac9eb803944fde146138c791f5cc56a-le64.cache-4
7efd3809a000-7efd3809e000 r--s 00000000 08:02 2366361                    /var/cache/fontconfig/385c0604a188198f04d133e54aba7fe7-le64.cache-4
7efd3809e000-7efd380a0000 r--s 00000000 08:02 2365952                    /var/cache/fontconfig/767a8244fc0220cfb567a839d0392e0b-le64.cache-4
7efd380a0000-7efd380a5000 r--s 00000000 08:02 2366295                    /var/cache/fontconfig/8801497958630a81b71ace7c5f9b32a8-le64.cache-4
7efd380a5000-7efd380ac000 r--s 00000000 08:02 2366294                    /var/cache/fontconfig/3047814df9a2f067bd2d96a2b9c36e5a-le64.cache-4
7efd380ac000-7efd380af000 ---p 00000000 00:00 0 
7efd380af000-7efd381ad000 rw-p 00000000 00:00 0                          [stack:17324]
7efd381ad000-7efd382dd000 r-xp 00000000 08:02 3547955                    /usr/lib/x86_64-linux-gnu/libX11.so.6.3.0
7efd382dd000-7efd384dd000 ---p 00130000 08:02 3547955                    /usr/lib/x86_64-linux-gnu/libX11.so.6.3.0
7efd384dd000-7efd384de000 r--p 00130000 08:02 3547955                    /usr/lib/x86_64-linux-gnu/libX11.so.6.3.0
7efd384de000-7efd384e2000 rw-p 00131000 08:02 3547955                    /usr/lib/x86_64-linux-gnu/libX11.so.6.3.0
7efd384e2000-7efd384e7000 r-xp 00000000 08:02 3548000                    /usr/lib/x86_64-linux-gnu/libXtst.so.6.1.0
7efd384e7000-7efd386e6000 ---p 00005000 08:02 3548000                    /usr/lib/x86_64-linux-gnu/libXtst.so.6.1.0
7efd386e6000-7efd386e7000 r--p 00004000 08:02 3548000                    /usr/lib/x86_64-linux-gnu/libXtst.so.6.1.0
7efd386e7000-7efd386e8000 rw-p 00005000 08:02 3548000                    /usr/lib/x86_64-linux-gnu/libXtst.so.6.1.0
7efd386e8000-7efd387ee000 r-xp 00000000 08:02 2625418                    /lib/x86_64-linux-gnu/libglib-2.0.so.0.4002.0
7efd387ee000-7efd389ed000 ---p 00106000 08:02 2625418                    /lib/x86_64-linux-gnu/libglib-2.0.so.0.4002.0
7efd389ed000-7efd389ee000 r--p 00105000 08:02 2625418                    /lib/x86_64-linux-gnu/libglib-2.0.so.0.4002.0
7efd389ee000-7efd389ef000 rw-p 00106000 08:02 2625418                    /lib/x86_64-linux-gnu/libglib-2.0.so.0.4002.0
7efd389ef000-7efd389f0000 rw-p 00000000 00:00 0 
7efd389f0000-7efd389f1000 r-xp 00000000 08:02 3539329                    /usr/lib/x86_64-linux-gnu/libgthread-2.0.so.0.4002.0
7efd389f1000-7efd38bf0000 ---p 00001000 08:02 3539329                    /usr/lib/x86_64-linux-gnu/libgthread-2.0.so.0.4002.0
7efd38bf0000-7efd38bf1000 r--p 00000000 08:02 3539329                    /usr/lib/x86_64-linux-gnu/libgthread-2.0.so.0.4002.0
7efd38bf1000-7efd38bf2000 rw-p 00001000 08:02 3539329                    /usr/lib/x86_64-linux-gnu/libgthread-2.0.so.0.4002.0
7efd38bf2000-7efd38bf5000 r-xp 00000000 08:02 3539308                    /usr/lib/x86_64-linux-gnu/libgmodule-2.0.so.0.4002.0
7efd38bf5000-7efd38df4000 ---p 00003000 08:02 3539308                    /usr/lib/x86_64-linux-gnu/libgmodule-2.0.so.0.4002.0
7efd38df4000-7efd38df5000 r--p 00002000 08:02 3539308                    /usr/lib/x86_64-linux-gnu/libgmodule-2.0.so.0.4002.0
7efd38df5000-7efd38df6000 rw-p 00003000 08:02 3539308                    /usr/lib/x86_64-linux-gnu/libgmodule-2.0.so.0.4002.0
7efd38df6000-7efd38e45000 r-xp 00000000 08:02 3539326                    /usr/lib/x86_64-linux-gnu/libgobject-2.0.so.0.4002.0
7efd38e45000-7efd39045000 ---p 0004f000 08:02 3539326                    /usr/lib/x86_64-linux-gnu/libgobject-2.0.so.0.4002.0
7efd39045000-7efd39046000 r--p 0004f000 08:02 3539326                    /usr/lib/x86_64-linux-gnu/libgobject-2.0.so.0.4002.0
7efd39046000-7efd39047000 rw-p 00050000 08:02 3539326                    /usr/lib/x86_64-linux-gnu/libgobject-2.0.so.0.4002.0
7efd39047000-7efd39081000 r-xp 00000000 08:02 3545679                    /usr/lib/x86_64-linux-gnu/libfontconfig.so.1.8.0
7efd39081000-7efd39280000 ---p 0003a000 08:02 3545679                    /usr/lib/x86_64-linux-gnu/libfontconfig.so.1.8.0
7efd39280000-7efd39282000 r--p 00039000 08:02 3545679                    /usr/lib/x86_64-linux-gnu/libfontconfig.so.1.8.0
7efd39282000-7efd39283000 rw-p 0003b000 08:02 3545679                    /usr/lib/x86_64-linux-gnu/libfontconfig.so.1.8.0
7efd39283000-7efd39320000 r-xp 00000000 08:02 3539043                    /usr/lib/x86_64-linux-gnu/libfreetype.so.6.11.1
7efd39320000-7efd3951f000 ---p 0009d000 08:02 3539043                    /usr/lib/x86_64-linux-gnu/libfreetype.so.6.11.1
7efd3951f000-7efd39525000 r--p 0009c000 08:02 3539043                    /usr/lib/x86_64-linux-gnu/libfreetype.so.6.11.1
7efd39525000-7efd39526000 rw-p 000a2000 08:02 3539043                    /usr/lib/x86_64-linux-gnu/libfreetype.so.6.11.1
7efd39526000-7efd39570000 r-xp 00000000 08:02 3544454                    /usr/lib/x86_64-linux-gnu/libpango-1.0.so.0.3600.3
7efd39570000-7efd39770000 ---p 0004a000 08:02 3544454                    /usr/lib/x86_64-linux-gnu/libpango-1.0.so.0.3600.3
7efd39770000-7efd39772000 r--p 0004a000 08:02 3544454                    /usr/lib/x86_64-linux-gnu/libpango-1.0.so.0.3600.3
7efd39772000-7efd39773000 rw-p 0004c000 08:02 3544454                    /usr/lib/x86_64-linux-gnu/libpango-1.0.so.0.3600.3
7efd39773000-7efd39879000 r-xp 00000000 08:02 3542843                    /usr/lib/x86_64-linux-gnu/libcairo.so.2.11301.0
7efd39879000-7efd39a78000 ---p 00106000 08:02 3542843                    /usr/lib/x86_64-linux-gnu/libcairo.so.2.11301.0
7efd39a78000-7efd39a7b000 r--p 00105000 08:02 3542843                    /usr/lib/x86_64-linux-gnu/libcairo.so.2.11301.0
7efd39a7b000-7efd39a7c000 rw-p 00108000 08:02 3542843                    /usr/lib/x86_64-linux-gnu/libcairo.so.2.11301.0
7efd39a7c000-7efd39a7e000 rw-p 00000000 00:00 0 
7efd39a7e000-7efd39a89000 r-xp 00000000 08:02 3544451                    /usr/lib/x86_64-linux-gnu/libpangocairo-1.0.so.0.3600.3
7efd39a89000-7efd39c89000 ---p 0000b000 08:02 3544451                    /usr/lib/x86_64-linux-gnu/libpangocairo-1.0.so.0.3600.3
7efd39c89000-7efd39c8a000 r--p 0000b000 08:02 3544451                    /usr/lib/x86_64-linux-gnu/libpangocairo-1.0.so.0.3600.3
7efd39c8a000-7efd39c8b000 rw-p 0000c000 08:02 3544451                    /usr/lib/x86_64-linux-gnu/libpangocairo-1.0.so.0.3600.3
7efd39c8b000-7efd39caa000 r-xp 00000000 08:02 3548316                    /usr/lib/x86_64-linux-gnu/libgdk_pixbuf-2.0.so.0.3000.7
7efd39caa000-7efd39eaa000 ---p 0001f000 08:02 3548316                    /usr/lib/x86_64-linux-gnu/libgdk_pixbuf-2.0.so.0.3000.7
7efd39eaa000-7efd39eab000 r--p 0001f000 08:02 3548316                    /usr/lib/x86_64-linux-gnu/libgdk_pixbuf-2.0.so.0.3000.7
7efd39eab000-7efd39eac000 rw-p 00020000 08:02 3548316                    /usr/lib/x86_64-linux-gnu/libgdk_pixbuf-2.0.so.0.3000.7
7efd39eac000-7efd39ec0000 r-xp 00000000 08:02 3544456                    /usr/lib/x86_64-linux-gnu/libpangoft2-1.0.so.0.3600.3
7efd39ec0000-7efd3a0bf000 ---p 00014000 08:02 3544456                    /usr/lib/x86_64-linux-gnu/libpangoft2-1.0.so.0.3600.3
7efd3a0bf000-7efd3a0c0000 r--p 00013000 08:02 3544456                    /usr/lib/x86_64-linux-gnu/libpangoft2-1.0.so.0.3600.3
7efd3a0c0000-7efd3a0c1000 rw-p 00014000 08:02 3544456                    /usr/lib/x86_64-linux-gnu/libpangoft2-1.0.so.0.3600.3
7efd3a0c1000-7efd3a22d000 r-xp 00000000 08:02 3539330                    /usr/lib/x86_64-linux-gnu/libgio-2.0.so.0.4002.0
7efd3a22d000-7efd3a42c000 ---p 0016c000 08:02 3539330                    /usr/lib/x86_64-linux-gnu/libgio-2.0.so.0.4002.0
7efd3a42c000-7efd3a430000 r--p 0016b000 08:02 3539330                    /usr/lib/x86_64-linux-gnu/libgio-2.0.so.0.4002.0
7efd3a430000-7efd3a432000 rw-p 0016f000 08:02 3539330                    /usr/lib/x86_64-linux-gnu/libgio-2.0.so.0.4002.0
7efd3a432000-7efd3a434000 rw-p 00000000 00:00 0 
7efd3a434000-7efd3a453000 r-xp 00000000 08:02 3548051                    /usr/lib/x86_64-linux-gnu/libatk-1.0.so.0.21009.1
7efd3a453000-7efd3a653000 ---p 0001f000 08:02 3548051                    /usr/lib/x86_64-linux-gnu/libatk-1.0.so.0.21009.1
7efd3a653000-7efd3a655000 r--p 0001f000 08:02 3548051                    /usr/lib/x86_64-linux-gnu/libatk-1.0.so.0.21009.1
7efd3a655000-7efd3a656000 rw-p 00021000 08:02 3548051                    /usr/lib/x86_64-linux-gnu/libatk-1.0.so.0.21009.1
7efd3a656000-7efd3a703000 r-xp 00000000 08:02 3539590                    /usr/lib/x86_64-linux-gnu/libgdk-x11-2.0.so.0.2400.23
7efd3a703000-7efd3a902000 ---p 000ad000 08:02 3539590                    /usr/lib/x86_64-linux-gnu/libgdk-x11-2.0.so.0.2400.23
7efd3a902000-7efd3a906000 r--p 000ac000 08:02 3539590                    /usr/lib/x86_64-linux-gnu/libgdk-x11-2.0.so.0.2400.23
7efd3a906000-7efd3a908000 rw-p 000b0000 08:02 3539590                    /usr/lib/x86_64-linux-gnu/libgdk-x11-2.0.so.0.2400.23
7efd3a908000-7efd3ad37000 r-xp 00000000 08:02 3539592                    /usr/lib/x86_64-linux-gnu/libgtk-x11-2.0.so.0.2400.23
7efd3ad37000-7efd3af36000 ---p 0042f000 08:02 3539592                    /usr/lib/x86_64-linux-gnu/libgtk-x11-2.0.so.0.2400.23
7efd3af36000-7efd3af3d000 r--p 0042e000 08:02 3539592                    /usr/lib/x86_64-linux-gnu/libgtk-x11-2.0.so.0.2400.23
7efd3af3d000-7efd3af41000 rw-p 00435000 08:02 3539592                    /usr/lib/x86_64-linux-gnu/libgtk-x11-2.0.so.0.2400.23
7efd3af41000-7efd3af44000 rw-p 00000000 00:00 0 
7efd3af44000-7efd3af50000 r-xp 00000000 08:02 3560989                    /usr/lib/jvm/java-8-oracle/jre/lib/amd64/libprism_es2.so
7efd3af50000-7efd3b14f000 ---p 0000c000 08:02 3560989                    /usr/lib/jvm/java-8-oracle/jre/lib/amd64/libprism_es2.so
7efd3b14f000-7efd3b150000 r--p 0000b000 08:02 3560989                    /usr/lib/jvm/java-8-oracle/jre/lib/amd64/libprism_es2.so
7efd3b150000-7efd3b151000 rw-p 0000c000 08:02 3560989                    /usr/lib/jvm/java-8-oracle/jre/lib/amd64/libprism_es2.so
7efd3b151000-7efd3b154000 ---p 00000000 00:00 0 
7efd3b154000-7efd3b252000 rw-p 00000000 00:00 0 
7efd3b252000-7efd3b2e7000 r--s 010fa000 08:02 3561278                    /usr/lib/jvm/java-8-oracle/jre/lib/ext/jfxrt.jar
7efd3b2e7000-7efd3b2e8000 ---p 00000000 00:00 0 
7efd3b2e8000-7efd3b3e8000 rw-p 00000000 00:00 0                          [stack:17319]
7efd3b3e8000-7efd3b3eb000 ---p 00000000 00:00 0 
7efd3b3eb000-7efd3b4e9000 rw-p 00000000 00:00 0                          [stack:17318]
7efd3b4e9000-7efd3b4ec000 ---p 00000000 00:00 0 
7efd3b4ec000-7efd3b5ea000 rw-p 00000000 00:00 0                          [stack:17317]
7efd3b5ea000-7efd3b5ed000 ---p 00000000 00:00 0 
7efd3b5ed000-7efd3b6eb000 rw-p 00000000 00:00 0                          [stack:17316]
7efd3b6eb000-7efd3b6ee000 ---p 00000000 00:00 0 
7efd3b6ee000-7efd3b7ec000 rw-p 00000000 00:00 0                          [stack:17315]
7efd3b7ec000-7efd3c000000 r--p 00000000 08:02 3546808                    /usr/lib/locale/locale-archive
7efd3c000000-7efd3c021000 rw-p 00000000 00:00 0 
7efd3c021000-7efd40000000 ---p 00000000 00:00 0 
7efd40000000-7efd40021000 rw-p 00000000 00:00 0 
7efd40021000-7efd44000000 ---p 00000000 00:00 0 
7efd44000000-7efd44021000 rw-p 00000000 00:00 0 
7efd44021000-7efd48000000 ---p 00000000 00:00 0 
7efd48000000-7efd48008000 r--s 00000000 08:02 2359753                    /var/cache/fontconfig/bf3b770c553c462765856025a94f1ce6-le64.cache-4
7efd48008000-7efd4800e000 r--s 00000000 08:02 2366244                    /var/cache/fontconfig/b47c4e1ecd0709278f4910c18777a504-le64.cache-4
7efd4800e000-7efd48021000 r--s 00000000 08:02 2365908                    /var/cache/fontconfig/d52a8644073d54c13679302ca1180695-le64.cache-4
7efd48021000-7efd4802a000 r--s 00000000 08:02 2370171                    /var/cache/fontconfig/3f7329c5293ffd510edef78f73874cfd-le64.cache-4
7efd4802a000-7efd48035000 r--s 00000000 08:02 2366134                    /var/cache/fontconfig/d589a48862398ed80a3d6066f4f56f4c-le64.cache-4
7efd48035000-7efd48038000 ---p 00000000 00:00 0 
7efd48038000-7efd48136000 rw-p 00000000 00:00 0                          [stack:17314]
7efd48136000-7efd48139000 ---p 00000000 00:00 0 
7efd48139000-7efd48237000 rw-p 00000000 00:00 0                          [stack:17313]
7efd48237000-7efd48238000 ---p 00000000 00:00 0 
7efd48238000-7efd48c41000 rw-p 00000000 00:00 0                          [stack:17312]
7efd48c41000-7efd48e1a000 r--s 03d09000 08:02 3561032                    /usr/lib/jvm/java-8-oracle/jre/lib/rt.jar
7efd48e1a000-7efd4c595000 rw-p 00000000 00:00 0 
7efd4c595000-7efd4c596000 ---p 00000000 00:00 0 
7efd4c596000-7efd4c696000 rw-p 00000000 00:00 0                          [stack:17311]
7efd4c696000-7efd4c697000 ---p 00000000 00:00 0 
7efd4c697000-7efd4c7ad000 rw-p 00000000 00:00 0                          [stack:17309]
7efd4c7ad000-7efd4c974000 ---p 00000000 00:00 0 
7efd4c974000-7efd4c98a000 rw-p 00000000 00:00 0 
7efd4c98a000-7efd4cb50000 ---p 00000000 00:00 0 
7efd4cb50000-7efd4cb60000 rw-p 00000000 00:00 0 
7efd4cb60000-7efd4cc3f000 ---p 00000000 00:00 0 
7efd4cc3f000-7efd4cc6d000 rw-p 00000000 00:00 0 
7efd4cc6d000-7efd4d000000 ---p 00000000 00:00 0 
7efd4d000000-7efd4db30000 rwxp 00000000 00:00 0 
7efd4db30000-7efd5c000000 ---p 00000000 00:00 0 
7efd5c000000-7efd5c466000 rw-p 00000000 00:00 0 
7efd5c466000-7efd60000000 ---p 00000000 00:00 0 
7efd60000000-7efd60001000 r--s 00000000 08:02 2366325                    /var/cache/fontconfig/dc05db6664285cc2f12bf69c139ae4c3-le64.cache-4
7efd60001000-7efd60002000 r--s 00000000 08:02 2370174                    /var/cache/fontconfig/4794a0821666d79190d59a36cb4f44b5-le64.cache-4
7efd60002000-7efd60003000 r--s 00000000 08:02 2366246                    /var/cache/fontconfig/56cf4f4769d0f4abc89a4895d7bd3ae1-le64.cache-4
7efd60003000-7efd60004000 r--s 00000000 08:02 2366245                    /var/cache/fontconfig/b9d506c9ac06c20b433354fa67a72993-le64.cache-4
7efd60004000-7efd6000d000 r--s 00000000 08:02 2362418                    /var/cache/fontconfig/d0972c3d32f097851eb916381fc38920-le64.cache-4
7efd6000d000-7efd6001a000 r--s 00000000 08:02 2365857                    /var/cache/fontconfig/e13b20fdb08344e0e664864cc2ede53d-le64.cache-4
7efd6001a000-7efd6001e000 r--s 00000000 08:02 2359715                    /var/cache/fontconfig/7ef2298fde41cc6eeb7af42e48b7d293-le64.cache-4
7efd6001e000-7efd60020000 r--s 00031000 08:02 2756145                    /home/aifree/NetBeansProjects/Shoper/dist/run749135659/Shoper.jar
7efd60020000-7efd6002c000 rw-s 14f62e000 00:05 10412                     /dev/dri/card0
7efd6002c000-7efd6006c000 r--p 00000000 08:02 3939752                    /usr/share/glib-2.0/schemas/gschemas.compiled
7efd6006c000-7efd600e2000 rw-p 00000000 00:00 0 
7efd600e2000-7efd600fc000 r-xp 00000000 08:02 3560982                    /usr/lib/jvm/java-8-oracle/jre/lib/amd64/libzip.so
7efd600fc000-7efd602fc000 ---p 0001a000 08:02 3560982                    /usr/lib/jvm/java-8-oracle/jre/lib/amd64/libzip.so
7efd602fc000-7efd602fd000 rw-p 0001a000 08:02 3560982                    /usr/lib/jvm/java-8-oracle/jre/lib/amd64/libzip.so
7efd602fd000-7efd60308000 r-xp 00000000 08:02 2625476                    /lib/x86_64-linux-gnu/libnss_files-2.19.so
7efd60308000-7efd60507000 ---p 0000b000 08:02 2625476                    /lib/x86_64-linux-gnu/libnss_files-2.19.so
7efd60507000-7efd60508000 r--p 0000a000 08:02 2625476                    /lib/x86_64-linux-gnu/libnss_files-2.19.so
7efd60508000-7efd60509000 rw-p 0000b000 08:02 2625476                    /lib/x86_64-linux-gnu/libnss_files-2.19.so
7efd60509000-7efd60514000 r-xp 00000000 08:02 2625652                    /lib/x86_64-linux-gnu/libnss_nis-2.19.so
7efd60514000-7efd60713000 ---p 0000b000 08:02 2625652                    /lib/x86_64-linux-gnu/libnss_nis-2.19.so
7efd60713000-7efd60714000 r--p 0000a000 08:02 2625652                    /lib/x86_64-linux-gnu/libnss_nis-2.19.so
7efd60714000-7efd60715000 rw-p 0000b000 08:02 2625652                    /lib/x86_64-linux-gnu/libnss_nis-2.19.so
7efd60715000-7efd6072c000 r-xp 00000000 08:02 2625568                    /lib/x86_64-linux-gnu/libnsl-2.19.so
7efd6072c000-7efd6092b000 ---p 00017000 08:02 2625568                    /lib/x86_64-linux-gnu/libnsl-2.19.so
7efd6092b000-7efd6092c000 r--p 00016000 08:02 2625568                    /lib/x86_64-linux-gnu/libnsl-2.19.so
7efd6092c000-7efd6092d000 rw-p 00017000 08:02 2625568                    /lib/x86_64-linux-gnu/libnsl-2.19.so
7efd6092d000-7efd6092f000 rw-p 00000000 00:00 0 
7efd6092f000-7efd60938000 r-xp 00000000 08:02 2625566                    /lib/x86_64-linux-gnu/libnss_compat-2.19.so
7efd60938000-7efd60b37000 ---p 00009000 08:02 2625566                    /lib/x86_64-linux-gnu/libnss_compat-2.19.so
7efd60b37000-7efd60b38000 r--p 00008000 08:02 2625566                    /lib/x86_64-linux-gnu/libnss_compat-2.19.so
7efd60b38000-7efd60b39000 rw-p 00009000 08:02 2625566                    /lib/x86_64-linux-gnu/libnss_compat-2.19.so
7efd60b39000-7efd60b63000 r-xp 00000000 08:02 3561008                    /usr/lib/jvm/java-8-oracle/jre/lib/amd64/libjava.so
7efd60b63000-7efd60d63000 ---p 0002a000 08:02 3561008                    /usr/lib/jvm/java-8-oracle/jre/lib/amd64/libjava.so
7efd60d63000-7efd60d65000 rw-p 0002a000 08:02 3561008                    /usr/lib/jvm/java-8-oracle/jre/lib/amd64/libjava.so
7efd60d65000-7efd60d72000 r-xp 00000000 08:02 3560992                    /usr/lib/jvm/java-8-oracle/jre/lib/amd64/libverify.so
7efd60d72000-7efd60f72000 ---p 0000d000 08:02 3560992                    /usr/lib/jvm/java-8-oracle/jre/lib/amd64/libverify.so
7efd60f72000-7efd60f74000 rw-p 0000d000 08:02 3560992                    /usr/lib/jvm/java-8-oracle/jre/lib/amd64/libverify.so
7efd60f74000-7efd60f7b000 r-xp 00000000 08:02 2625625                    /lib/x86_64-linux-gnu/librt-2.19.so
7efd60f7b000-7efd6117a000 ---p 00007000 08:02 2625625                    /lib/x86_64-linux-gnu/librt-2.19.so
7efd6117a000-7efd6117b000 r--p 00006000 08:02 2625625                    /lib/x86_64-linux-gnu/librt-2.19.so
7efd6117b000-7efd6117c000 rw-p 00007000 08:02 2625625                    /lib/x86_64-linux-gnu/librt-2.19.so
7efd6117c000-7efd61281000 r-xp 00000000 08:02 2625475                    /lib/x86_64-linux-gnu/libm-2.19.so
7efd61281000-7efd61480000 ---p 00105000 08:02 2625475                    /lib/x86_64-linux-gnu/libm-2.19.so
7efd61480000-7efd61481000 r--p 00104000 08:02 2625475                    /lib/x86_64-linux-gnu/libm-2.19.so
7efd61481000-7efd61482000 rw-p 00105000 08:02 2625475                    /lib/x86_64-linux-gnu/libm-2.19.so
7efd61482000-7efd62130000 r-xp 00000000 08:02 3560975                    /usr/lib/jvm/java-8-oracle/jre/lib/amd64/server/libjvm.so
7efd62130000-7efd6232f000 ---p 00cae000 08:02 3560975                    /usr/lib/jvm/java-8-oracle/jre/lib/amd64/server/libjvm.so
7efd6232f000-7efd62406000 rw-p 00cad000 08:02 3560975                    /usr/lib/jvm/java-8-oracle/jre/lib/amd64/server/libjvm.so
7efd62406000-7efd6244a000 rw-p 00000000 00:00 0 
7efd6244a000-7efd62605000 r-xp 00000000 08:02 2625582                    /lib/x86_64-linux-gnu/libc-2.19.so
7efd62605000-7efd62804000 ---p 001bb000 08:02 2625582                    /lib/x86_64-linux-gnu/libc-2.19.so
7efd62804000-7efd62808000 r--p 001ba000 08:02 2625582                    /lib/x86_64-linux-gnu/libc-2.19.so
7efd62808000-7efd6280a000 rw-p 001be000 08:02 2625582                    /lib/x86_64-linux-gnu/libc-2.19.so
7efd6280a000-7efd6280f000 rw-p 00000000 00:00 0 
7efd6280f000-7efd62812000 r-xp 00000000 08:02 2625502                    /lib/x86_64-linux-gnu/libdl-2.19.so
7efd62812000-7efd62a11000 ---p 00003000 08:02 2625502                    /lib/x86_64-linux-gnu/libdl-2.19.so
7efd62a11000-7efd62a12000 r--p 00002000 08:02 2625502                    /lib/x86_64-linux-gnu/libdl-2.19.so
7efd62a12000-7efd62a13000 rw-p 00003000 08:02 2625502                    /lib/x86_64-linux-gnu/libdl-2.19.so
7efd62a13000-7efd62a28000 r-xp 00000000 08:02 3559680                    /usr/lib/jvm/java-8-oracle/lib/amd64/jli/libjli.so
7efd62a28000-7efd62c28000 ---p 00015000 08:02 3559680                    /usr/lib/jvm/java-8-oracle/lib/amd64/jli/libjli.so
7efd62c28000-7efd62c29000 rw-p 00015000 08:02 3559680                    /usr/lib/jvm/java-8-oracle/lib/amd64/jli/libjli.so
7efd62c29000-7efd62c42000 r-xp 00000000 08:02 2625617                    /lib/x86_64-linux-gnu/libpthread-2.19.so
7efd62c42000-7efd62e41000 ---p 00019000 08:02 2625617                    /lib/x86_64-linux-gnu/libpthread-2.19.so
7efd62e41000-7efd62e42000 r--p 00018000 08:02 2625617                    /lib/x86_64-linux-gnu/libpthread-2.19.so
7efd62e42000-7efd62e43000 rw-p 00019000 08:02 2625617                    /lib/x86_64-linux-gnu/libpthread-2.19.so
7efd62e43000-7efd62e47000 rw-p 00000000 00:00 0 
7efd62e47000-7efd62e6a000 r-xp 00000000 08:02 2625572                    /lib/x86_64-linux-gnu/ld-2.19.so
7efd62e6a000-7efd62e70000 r--p 00000000 08:02 2492097                    /home/aifree/.config/dconf/user (deleted)
7efd62e70000-7efd62e80000 rw-s 148b44000 00:05 10412                     /dev/dri/card0
7efd62e80000-7efd62f46000 rw-p 00000000 00:00 0 
7efd62f46000-7efd62f49000 ---p 00000000 00:00 0 
7efd62f49000-7efd6304b000 rw-p 00000000 00:00 0                          [stack:17305]
7efd6304b000-7efd6304c000 r--s 00000000 08:02 2366133                    /var/cache/fontconfig/0c9eb80ebd1c36541ebe2852d3bb0c49-le64.cache-4
7efd6304c000-7efd6304d000 r--s 00000000 00:15 7163564                    /run/user/1000/dconf/user (deleted)
7efd6304d000-7efd6305d000 rw-s 148b34000 00:05 10412                     /dev/dri/card0
7efd6305d000-7efd63065000 rw-s 00000000 08:02 1054502                    /tmp/hsperfdata_aifree/17303
7efd63065000-7efd63066000 rw-p 00000000 00:00 0 
7efd63066000-7efd63067000 r--p 00000000 00:00 0 
7efd63067000-7efd63069000 rw-p 00000000 00:00 0 
7efd63069000-7efd6306a000 r--p 00022000 08:02 2625572                    /lib/x86_64-linux-gnu/ld-2.19.so
7efd6306a000-7efd6306b000 rw-p 00023000 08:02 2625572                    /lib/x86_64-linux-gnu/ld-2.19.so
7efd6306b000-7efd6306c000 rw-p 00000000 00:00 0 
7ffcb43bb000-7ffcb43dc000 rw-p 00000000 00:00 0                          [stack]
7ffcb43f6000-7ffcb43f8000 r-xp 00000000 00:00 0                          [vdso]
ffffffffff600000-ffffffffff601000 r-xp 00000000 00:00 0                  [vsyscall]

VM Arguments:
jvm_args: -Dfile.encoding=UTF-8 
java_command: /home/aifree/NetBeansProjects/Shoper/dist/run749135659/Shoper.jar
java_class_path (initial): /home/aifree/NetBeansProjects/Shoper/dist/run749135659/Shoper.jar
Launcher Type: SUN_STANDARD

Environment Variables:
PATH=/usr/local/sbin:/usr/local/bin:/usr/sbin:/usr/bin:/sbin:/bin:/usr/games:/usr/local/games:/home/aifree/gradle/gradle-2.4.0/bin
LD_LIBRARY_PATH=/usr/lib/jvm/java-7-oracle/jre/lib/amd64:/usr/lib/jvm/java-7-oracle/jre/lib/i386:
SHELL=/bin/bash
DISPLAY=:0

Signal Handlers:
SIGSEGV: [libjvm.so+0xaad1e0], sa_mask[0]=11111111011111111101111111111110, sa_flags=SA_RESTART|SA_SIGINFO
SIGBUS: [libjvm.so+0xaad1e0], sa_mask[0]=11111111011111111101111111111110, sa_flags=SA_RESTART|SA_SIGINFO
SIGFPE: [libjvm.so+0x90b450], sa_mask[0]=11111111011111111101111111111110, sa_flags=SA_RESTART|SA_SIGINFO
SIGPIPE: SIG_IGN, sa_mask[0]=00000000000010000000000000000000, sa_flags=SA_RESTART
SIGXFSZ: [libjvm.so+0x90b450], sa_mask[0]=11111111011111111101111111111110, sa_flags=SA_RESTART|SA_SIGINFO
SIGILL: [libjvm.so+0x90b450], sa_mask[0]=11111111011111111101111111111110, sa_flags=SA_RESTART|SA_SIGINFO
SIGUSR1: SIG_DFL, sa_mask[0]=00000000000000000000000000000000, sa_flags=none
SIGUSR2: [libjvm.so+0x90ca90], sa_mask[0]=00100000000000000000000000000000, sa_flags=SA_RESTART|SA_SIGINFO
SIGHUP: [libjvm.so+0x90dde0], sa_mask[0]=11111111011111111101111111111110, sa_flags=SA_RESTART|SA_SIGINFO
SIGINT: SIG_IGN, sa_mask[0]=00000000000000000000000000000000, sa_flags=none
SIGTERM: [libjvm.so+0x90dde0], sa_mask[0]=11111111011111111101111111111110, sa_flags=SA_RESTART|SA_SIGINFO
SIGQUIT: [libjvm.so+0x90dde0], sa_mask[0]=11111111011111111101111111111110, sa_flags=SA_RESTART|SA_SIGINFO


---------------  S Y S T E M  ---------------

OS:DISTRIB_ID=Ubuntu
DISTRIB_RELEASE=14.04
DISTRIB_CODENAME=trusty
DISTRIB_DESCRIPTION="Ubuntu 14.04.2 LTS"

uname:Linux 3.13.0-57-generic #95-Ubuntu SMP Fri Jun 19 09:28:15 UTC 2015 x86_64
libc:glibc 2.19 NPTL 2.19 
rlimit: STACK 8192k, CORE 0k, NPROC 45019, NOFILE 4096, AS infinity
load average:3,48 2,03 1,61

/proc/meminfo:
MemTotal:        5850004 kB
MemFree:         2151360 kB
Buffers:           24272 kB
Cached:           457824 kB
SwapCached:        34716 kB
Active:          2143732 kB
Inactive:        1148500 kB
Active(anon):    1905720 kB
Inactive(anon):   923764 kB
Active(file):     238012 kB
Inactive(file):   224736 kB
Unevictable:          32 kB
Mlocked:              32 kB
SwapTotal:       6289404 kB
SwapFree:        5815468 kB
Dirty:              3104 kB
Writeback:             0 kB
AnonPages:       2781500 kB
Mapped:            83708 kB
Shmem:             19036 kB
Slab:             149844 kB
SReclaimable:     115696 kB
SUnreclaim:        34148 kB
KernelStack:        2824 kB
PageTables:        23304 kB
NFS_Unstable:          0 kB
Bounce:                0 kB
WritebackTmp:          0 kB
CommitLimit:     9214404 kB
Committed_AS:    4969228 kB
VmallocTotal:   34359738367 kB
VmallocUsed:       58168 kB
VmallocChunk:   34359632732 kB
HardwareCorrupted:     0 kB
AnonHugePages:   1568768 kB
HugePages_Total:       0
HugePages_Free:        0
HugePages_Rsvd:        0
HugePages_Surp:        0
Hugepagesize:       2048 kB
DirectMap4k:       60708 kB
DirectMap2M:     1769472 kB
DirectMap1G:     4194304 kB


CPU:total 2 (2 cores per cpu, 1 threads per core) family 16 model 6 stepping 3, cmov, cx8, fxsr, mmx, sse, sse2, sse3, popcnt, mmxext, 3dnowpref, lzcnt, tsc, tscinvbit, tscinv

/proc/cpuinfo:
processor	: 0
vendor_id	: AuthenticAMD
cpu family	: 16
model		: 6
model name	: AMD Athlon(tm) II P360 Dual-Core Processor
stepping	: 3
microcode	: 0x10000c8
cpu MHz		: 800.000
cache size	: 512 KB
physical id	: 0
siblings	: 2
core id		: 0
cpu cores	: 2
apicid		: 0
initial apicid	: 0
fpu		: yes
fpu_exception	: yes
cpuid level	: 5
wp		: yes
flags		: fpu vme de pse tsc msr pae mce cx8 apic sep mtrr pge mca cmov pat pse36 clflush mmx fxsr sse sse2 ht syscall nx mmxext fxsr_opt pdpe1gb rdtscp lm 3dnowext 3dnow constant_tsc rep_good nopl nonstop_tsc extd_apicid pni monitor cx16 popcnt lahf_lm cmp_legacy svm extapic cr8_legacy abm sse4a 3dnowprefetch osvw ibs skinit wdt nodeid_msr hw_pstate npt lbrv svm_lock nrip_save vmmcall
bogomips	: 4588.76
TLB size	: 1024 4K pages
clflush size	: 64
cache_alignment	: 64
address sizes	: 48 bits physical, 48 bits virtual
power management: ts ttp tm stc 100mhzsteps hwpstate

processor	: 1
vendor_id	: AuthenticAMD
cpu family	: 16
model		: 6
model name	: AMD Athlon(tm) II P360 Dual-Core Processor
stepping	: 3
microcode	: 0x10000c8
cpu MHz		: 2300.000
cache size	: 512 KB
physical id	: 0
siblings	: 2
core id		: 1
cpu cores	: 2
apicid		: 1
initial apicid	: 1
fpu		: yes
fpu_exception	: yes
cpuid level	: 5
wp		: yes
flags		: fpu vme de pse tsc msr pae mce cx8 apic sep mtrr pge mca cmov pat pse36 clflush mmx fxsr sse sse2 ht syscall nx mmxext fxsr_opt pdpe1gb rdtscp lm 3dnowext 3dnow constant_tsc rep_good nopl nonstop_tsc extd_apicid pni monitor cx16 popcnt lahf_lm cmp_legacy svm extapic cr8_legacy abm sse4a 3dnowprefetch osvw ibs skinit wdt nodeid_msr hw_pstate npt lbrv svm_lock nrip_save vmmcall
bogomips	: 4588.76
TLB size	: 1024 4K pages
clflush size	: 64
cache_alignment	: 64
address sizes	: 48 bits physical, 48 bits virtual
power management: ts ttp tm stc 100mhzsteps hwpstate



Memory: 4k page, physical 5850004k(2151360k free), swap 6289404k(5815468k free)

vm_info: Java HotSpot(TM) 64-Bit Server VM (25.45-b02) for linux-amd64 JRE (1.8.0_45-b14), built on Apr 10 2015 10:07:45 by "java_re" with gcc 4.3.0 20080428 (Red Hat 4.3.0-8)

time: Mon Jul 27 18:57:15 2015
elapsed time: 536 seconds (0d 0h 8m 56s)

